Remove Pin=C1-2 From Net=Heiﬂ
Remove Pin=C2-2 From Net=Kalt
Remove Pin=J1-1 From Net=Masse
Remove Pin=J1-2 From Net=Heiﬂ
Remove Pin=J1-3 From Net=Kalt
Remove Pin=J2-1 From Net=BBB
Remove Pin=J2-2 From Net=BBB
Remove Pin=J2-3 From Net=AUX01
Remove Pin=J2-4 From Net=AUX01
Remove Pin=J2-5 From Net=AUX02
Remove Pin=J2-6 From Net=AUX02
Remove Pin=J2-7 From Net=+Vin
Remove Pin=J2-8 From Net=+Vin
Remove Pin=J2-9 From Net=-Vin
Remove Pin=J2-10 From Net=-Vin
Remove Pin=J2-11 From Net=Masse
Remove Pin=J2-12 From Net=Masse
Remove Pin=J2-13 From Net=Masse
Remove Pin=J2-14 From Net=Masse
Remove Pin=R27-2 From Net=A03
Remove Pin=R38-2 From Net=A05
Remove Pin=R48-2 From Net=AUX01
Remove Pin=R49-2 From Net=AUX02
Remove Pin=R50-2 From Net=BBB
Remove Pin=U2B-5 From Net=A03
Remove Pin=U2D-12 From Net=A04
Remove Pin=U3B-5 From Net=A05
Remove Pin=U3D-12 From Net=A06
