Replace Part C10 0805 Kondensator in Z:\Korschunov\Praxisphase\Altium\Mikrofonvorverstärker\Linkwitz_Riley.SchDoc with 0805 Kondensator from Bauteile.SchLib
Replace Part C11 0805 Kondensator in Z:\Korschunov\Praxisphase\Altium\Mikrofonvorverstärker\Linkwitz_Riley.SchDoc with 0805 Kondensator from Bauteile.SchLib
Replace Part C12 0805 Kondensator in Z:\Korschunov\Praxisphase\Altium\Mikrofonvorverstärker\Linkwitz_Riley.SchDoc with 0805 Kondensator from Bauteile.SchLib
Replace Part C13 0805 Kondensator in Z:\Korschunov\Praxisphase\Altium\Mikrofonvorverstärker\Linkwitz_Riley.SchDoc with 0805 Kondensator from Bauteile.SchLib
Replace Part C14 0805 Kondensator in Z:\Korschunov\Praxisphase\Altium\Mikrofonvorverstärker\Linkwitz_Riley.SchDoc with 0805 Kondensator from Bauteile.SchLib
Replace Part C15 0805 Kondensator in Z:\Korschunov\Praxisphase\Altium\Mikrofonvorverstärker\Linkwitz_Riley.SchDoc with 0805 Kondensator from Bauteile.SchLib
Replace Part C16 0805 Kondensator in Z:\Korschunov\Praxisphase\Altium\Mikrofonvorverstärker\Linkwitz_Riley.SchDoc with 0805 Kondensator from Bauteile.SchLib
Replace Part C17 0805 Kondensator in Z:\Korschunov\Praxisphase\Altium\Mikrofonvorverstärker\Linkwitz_Riley.SchDoc with 0805 Kondensator from Bauteile.SchLib
Replace Part C25 0805 Kondensator in Z:\Korschunov\Praxisphase\Altium\Mikrofonvorverstärker\Linkwitz_Riley.SchDoc with 0805 Kondensator from Bauteile.SchLib
Replace Part C26 0805 Kondensator in Z:\Korschunov\Praxisphase\Altium\Mikrofonvorverstärker\Linkwitz_Riley.SchDoc with 0805 Kondensator from Bauteile.SchLib
Replace Part C27 0805 Kondensator in Z:\Korschunov\Praxisphase\Altium\Mikrofonvorverstärker\Linkwitz_Riley.SchDoc with 0805 Kondensator from Bauteile.SchLib
Replace Part C28 0805 Kondensator in Z:\Korschunov\Praxisphase\Altium\Mikrofonvorverstärker\Linkwitz_Riley.SchDoc with 0805 Kondensator from Bauteile.SchLib
Replace Part C29 0805 Kondensator in Z:\Korschunov\Praxisphase\Altium\Mikrofonvorverstärker\Linkwitz_Riley.SchDoc with 0805 Kondensator from Bauteile.SchLib
Replace Part C30 0805 Kondensator in Z:\Korschunov\Praxisphase\Altium\Mikrofonvorverstärker\Linkwitz_Riley.SchDoc with 0805 Kondensator from Bauteile.SchLib
Replace Part C31 0805 Kondensator in Z:\Korschunov\Praxisphase\Altium\Mikrofonvorverstärker\Linkwitz_Riley.SchDoc with 0805 Kondensator from Bauteile.SchLib
Replace Part C32 0805 Kondensator in Z:\Korschunov\Praxisphase\Altium\Mikrofonvorverstärker\Linkwitz_Riley.SchDoc with 0805 Kondensator from Bauteile.SchLib
Replace Part C33 0805 Kondensator in Z:\Korschunov\Praxisphase\Altium\Mikrofonvorverstärker\Linkwitz_Riley.SchDoc with 0805 Kondensator from Bauteile.SchLib
Replace Part C34 0805 Kondensator in Z:\Korschunov\Praxisphase\Altium\Mikrofonvorverstärker\Linkwitz_Riley.SchDoc with 0805 Kondensator from Bauteile.SchLib
Replace Part C39 0805 Kondensator in Z:\Korschunov\Praxisphase\Altium\Mikrofonvorverstärker\Linkwitz_Riley.SchDoc with 0805 Kondensator from Bauteile.SchLib
Replace Part C40 0805 Kondensator in Z:\Korschunov\Praxisphase\Altium\Mikrofonvorverstärker\Linkwitz_Riley.SchDoc with 0805 Kondensator from Bauteile.SchLib
Replace Part C? 0805 Kondensator in Z:\Korschunov\Praxisphase\Altium\Mikrofonvorverstärker\Linkwitz_Riley.SchDoc with 0805 Kondensator from Bauteile.SchLib
Replace Part C? 0805 Kondensator in Z:\Korschunov\Praxisphase\Altium\Mikrofonvorverstärker\Linkwitz_Riley.SchDoc with 0805 Kondensator from Bauteile.SchLib
Replace Part J1 Connector x2 in Z:\Korschunov\Praxisphase\Altium\Mikrofonvorverstärker\Linkwitz_Riley.SchDoc with Connector x2 from Bauteile.SchLib
Replace Part J2 Connector x2 in Z:\Korschunov\Praxisphase\Altium\Mikrofonvorverstärker\Linkwitz_Riley.SchDoc with Connector x2 from Bauteile.SchLib
Replace Part J6 Connector x2 in Z:\Korschunov\Praxisphase\Altium\Mikrofonvorverstärker\Linkwitz_Riley.SchDoc with Connector x2 from Bauteile.SchLib
Replace Part R19 0805 Widerstand in Z:\Korschunov\Praxisphase\Altium\Mikrofonvorverstärker\Linkwitz_Riley.SchDoc with 0805 Widerstand from Bauteile.SchLib
Replace Part R20 0805 Widerstand in Z:\Korschunov\Praxisphase\Altium\Mikrofonvorverstärker\Linkwitz_Riley.SchDoc with 0805 Widerstand from Bauteile.SchLib
Replace Part R21 0805 Widerstand in Z:\Korschunov\Praxisphase\Altium\Mikrofonvorverstärker\Linkwitz_Riley.SchDoc with 0805 Widerstand from Bauteile.SchLib
Replace Part R22 0805 Widerstand in Z:\Korschunov\Praxisphase\Altium\Mikrofonvorverstärker\Linkwitz_Riley.SchDoc with 0805 Widerstand from Bauteile.SchLib
Replace Part R23 0805 Widerstand in Z:\Korschunov\Praxisphase\Altium\Mikrofonvorverstärker\Linkwitz_Riley.SchDoc with 0805 Widerstand from Bauteile.SchLib
Replace Part R24 0805 Widerstand in Z:\Korschunov\Praxisphase\Altium\Mikrofonvorverstärker\Linkwitz_Riley.SchDoc with 0805 Widerstand from Bauteile.SchLib
Replace Part R25 0805 Widerstand in Z:\Korschunov\Praxisphase\Altium\Mikrofonvorverstärker\Linkwitz_Riley.SchDoc with 0805 Widerstand from Bauteile.SchLib
Replace Part R26 0805 Widerstand in Z:\Korschunov\Praxisphase\Altium\Mikrofonvorverstärker\Linkwitz_Riley.SchDoc with 0805 Widerstand from Bauteile.SchLib
Replace Part R54 0805 Widerstand in Z:\Korschunov\Praxisphase\Altium\Mikrofonvorverstärker\Linkwitz_Riley.SchDoc with 0805 Widerstand from Bauteile.SchLib
Replace Part R55 0805 Widerstand in Z:\Korschunov\Praxisphase\Altium\Mikrofonvorverstärker\Linkwitz_Riley.SchDoc with 0805 Widerstand from Bauteile.SchLib
Replace Part R? 0805 Widerstand in Z:\Korschunov\Praxisphase\Altium\Mikrofonvorverstärker\Linkwitz_Riley.SchDoc with 0805 Widerstand from Bauteile.SchLib
Replace Part R? 0805 Widerstand in Z:\Korschunov\Praxisphase\Altium\Mikrofonvorverstärker\Linkwitz_Riley.SchDoc with 0805 Widerstand from Bauteile.SchLib
Replace Part U1 SOIC OPA4134UA in Z:\Korschunov\Praxisphase\Altium\Mikrofonvorverstärker\Linkwitz_Riley.SchDoc with SOIC OPA4134UA from Bauteile.SchLib
Replace Part U1 SOIC OPA4134UA in Z:\Korschunov\Praxisphase\Altium\Mikrofonvorverstärker\Linkwitz_Riley.SchDoc with SOIC OPA4134UA from Bauteile.SchLib
Replace Part U1 SOIC OPA4134UA in Z:\Korschunov\Praxisphase\Altium\Mikrofonvorverstärker\Linkwitz_Riley.SchDoc with SOIC OPA4134UA from Bauteile.SchLib
Replace Part U3 SOIC OPA4134UA in Z:\Korschunov\Praxisphase\Altium\Mikrofonvorverstärker\Linkwitz_Riley.SchDoc with SOIC OPA4134UA from Bauteile.SchLib
Replace Part U3 SOIC OPA4134UA in Z:\Korschunov\Praxisphase\Altium\Mikrofonvorverstärker\Linkwitz_Riley.SchDoc with SOIC OPA4134UA from Bauteile.SchLib
