Replace Part C1 4141 Kondensator in Z:\Korschunov\Praxisphase\Altium\Mikrofonvorverstärker\Mic_Eingangsstufe.SchDoc with 4141 Kondensator from Bauteile.SchLib
Replace Part C2 2626 Kondensator in Z:\Korschunov\Praxisphase\Altium\Mikrofonvorverstärker\Mic_Eingangsstufe.SchDoc with 2626 Kondensator from Bauteile.SchLib
Replace Part C3 0805 Kondensator in Z:\Korschunov\Praxisphase\Altium\Mikrofonvorverstärker\Mic_Eingangsstufe.SchDoc with 0805 Kondensator from Bauteile.SchLib
Replace Part C4 0805 Kondensator in Z:\Korschunov\Praxisphase\Altium\Mikrofonvorverstärker\Mic_Eingangsstufe.SchDoc with 0805 Kondensator from Bauteile.SchLib
Replace Part C5 0805 Kondensator in Z:\Korschunov\Praxisphase\Altium\Mikrofonvorverstärker\Mic_Eingangsstufe.SchDoc with 0805 Kondensator from Bauteile.SchLib
Replace Part C6 0805 Kondensator in Z:\Korschunov\Praxisphase\Altium\Mikrofonvorverstärker\Mic_Eingangsstufe.SchDoc with 0805 Kondensator from Bauteile.SchLib
Replace Part C7 0805 Kondensator in Z:\Korschunov\Praxisphase\Altium\Mikrofonvorverstärker\Mic_Eingangsstufe.SchDoc with 0805 Kondensator from Bauteile.SchLib
Replace Part C8 0805 Kondensator in Z:\Korschunov\Praxisphase\Altium\Mikrofonvorverstärker\Mic_Eingangsstufe.SchDoc with 0805 Kondensator from Bauteile.SchLib
Replace Part C9 2626 Kondensator in Z:\Korschunov\Praxisphase\Altium\Mikrofonvorverstärker\Mic_Eingangsstufe.SchDoc with 2626 Kondensator from Bauteile.SchLib
Replace Part J1 Connector x3 in Z:\Korschunov\Praxisphase\Altium\Mikrofonvorverstärker\Mic_Eingangsstufe.SchDoc with Connector x3 from Bauteile.SchLib
Replace Part R1 0805 Widerstand in Z:\Korschunov\Praxisphase\Altium\Mikrofonvorverstärker\Mic_Eingangsstufe.SchDoc with 0805 Widerstand from Bauteile.SchLib
Replace Part R2 0805 Widerstand in Z:\Korschunov\Praxisphase\Altium\Mikrofonvorverstärker\Mic_Eingangsstufe.SchDoc with 0805 Widerstand from Bauteile.SchLib
Replace Part R3 0805 Widerstand in Z:\Korschunov\Praxisphase\Altium\Mikrofonvorverstärker\Mic_Eingangsstufe.SchDoc with 0805 Widerstand from Bauteile.SchLib
Replace Part R4 0805 Widerstand in Z:\Korschunov\Praxisphase\Altium\Mikrofonvorverstärker\Mic_Eingangsstufe.SchDoc with 0805 Widerstand from Bauteile.SchLib
Replace Part R5 0805 Widerstand in Z:\Korschunov\Praxisphase\Altium\Mikrofonvorverstärker\Mic_Eingangsstufe.SchDoc with 0805 Widerstand from Bauteile.SchLib
Replace Part R6 0805 Widerstand in Z:\Korschunov\Praxisphase\Altium\Mikrofonvorverstärker\Mic_Eingangsstufe.SchDoc with 0805 Widerstand from Bauteile.SchLib
Replace Part R7 0805 Widerstand in Z:\Korschunov\Praxisphase\Altium\Mikrofonvorverstärker\Mic_Eingangsstufe.SchDoc with 0805 Widerstand from Bauteile.SchLib
Replace Part R8 Potentiometer Buchsenleiste in Z:\Korschunov\Praxisphase\Altium\Mikrofonvorverstärker\Mic_Eingangsstufe.SchDoc with Potentiometer Buchsenleiste from Bauteile.SchLib
Replace Part R9 0805 Widerstand in Z:\Korschunov\Praxisphase\Altium\Mikrofonvorverstärker\Mic_Eingangsstufe.SchDoc with 0805 Widerstand from Bauteile.SchLib
Replace Part R10 0805 Widerstand in Z:\Korschunov\Praxisphase\Altium\Mikrofonvorverstärker\Mic_Eingangsstufe.SchDoc with 0805 Widerstand from Bauteile.SchLib
Replace Part R11 0805 Widerstand in Z:\Korschunov\Praxisphase\Altium\Mikrofonvorverstärker\Mic_Eingangsstufe.SchDoc with 0805 Widerstand from Bauteile.SchLib
Replace Part R12 0805 Widerstand in Z:\Korschunov\Praxisphase\Altium\Mikrofonvorverstärker\Mic_Eingangsstufe.SchDoc with 0805 Widerstand from Bauteile.SchLib
Replace Part R13 0805 Widerstand in Z:\Korschunov\Praxisphase\Altium\Mikrofonvorverstärker\Mic_Eingangsstufe.SchDoc with 0805 Widerstand from Bauteile.SchLib
Replace Part R14 0805 Widerstand in Z:\Korschunov\Praxisphase\Altium\Mikrofonvorverstärker\Mic_Eingangsstufe.SchDoc with 0805 Widerstand from Bauteile.SchLib
Replace Part R15 0805 Widerstand in Z:\Korschunov\Praxisphase\Altium\Mikrofonvorverstärker\Mic_Eingangsstufe.SchDoc with 0805 Widerstand from Bauteile.SchLib
Replace Part R16 0805 Widerstand in Z:\Korschunov\Praxisphase\Altium\Mikrofonvorverstärker\Mic_Eingangsstufe.SchDoc with 0805 Widerstand from Bauteile.SchLib
Replace Part R17 0805 Widerstand in Z:\Korschunov\Praxisphase\Altium\Mikrofonvorverstärker\Mic_Eingangsstufe.SchDoc with 0805 Widerstand from Bauteile.SchLib
Replace Part R18 0805 Widerstand in Z:\Korschunov\Praxisphase\Altium\Mikrofonvorverstärker\Mic_Eingangsstufe.SchDoc with 0805 Widerstand from Bauteile.SchLib
Replace Part U1 SOIC OPA4134UA in Z:\Korschunov\Praxisphase\Altium\Mikrofonvorverstärker\Mic_Eingangsstufe.SchDoc with SOIC OPA4134UA from Bauteile.SchLib
