Removed Pin From Net: NetName=Aux01 Pin=R48-2
Removed Pin From Net: NetName=Aux02 Pin=R53-2
Removed Pin From Net: NetName=Out Pin=R58-2
Removed Pin From Net: NetName=Aux01 Pin=U3-14
Removed Pin From Net: NetName=Aux02 Pin=U4-7
Removed Pin From Net: NetName=Out Pin=U4-14
Added Component: Designator=C43(0805)
Add component (AddParameter): Name = "Value"; Value = "47uF"; VariantName = "[No Variations]"
Added Component: Designator=C44(0805)
Add component (AddParameter): Name = "Value"; Value = "47uF"; VariantName = "[No Variations]"
Added Component: Designator=C45(0805)
Add component (AddParameter): Name = "Value"; Value = "47uF"; VariantName = "[No Variations]"
Added Component: Designator=R62(0805)
Add component (AddParameter): Name = "Value"; Value = "100k"; VariantName = "[No Variations]"
Added Component: Designator=R63(0805)
Add component (AddParameter): Name = "Value"; Value = "100k"; VariantName = "[No Variations]"
Added Component: Designator=R64(0805)
Add component (AddParameter): Name = "Value"; Value = "100k"; VariantName = "[No Variations]"
Added Component: Designator=R65(0805)
Add component (AddParameter): Name = "Value"; Value = "100k"; VariantName = "[No Variations]"
Added Component: Designator=R66(0805)
Add component (AddParameter): Name = "Value"; Value = "100k"; VariantName = "[No Variations]"
Added Component: Designator=R67(0805)
Add component (AddParameter): Name = "Value"; Value = "100k"; VariantName = "[No Variations]"
Added Pin To Net: NetName=Aux01 Pin=C43-2
Added Pin To Net: NetName=Aux02 Pin=C44-2
Added Pin To Net: NetName=Out Pin=C45-2
Added Pin To Net: NetName=Aux01 Pin=R63-2
Added Pin To Net: NetName=Aux02 Pin=R65-2
Added Pin To Net: NetName=Out Pin=R67-2
Added Pin To Net: NetName=GND Pin=R63-1
Added Pin To Net: NetName=GND Pin=R65-1
Added Pin To Net: NetName=GND Pin=R67-1
Added Net: Name=GND
Added Pin To Net: NetName=NetC43_1 Pin=C43-1
Added Pin To Net: NetName=NetC43_1 Pin=R62-2
Added Net: Name=NetC43_1
Added Pin To Net: NetName=NetC44_1 Pin=C44-1
Added Pin To Net: NetName=NetC44_1 Pin=R64-2
Added Net: Name=NetC44_1
Added Pin To Net: NetName=NetC45_1 Pin=C45-1
Added Pin To Net: NetName=NetC45_1 Pin=R66-2
Added Net: Name=NetC45_1
Added Pin To Net: NetName=NetR48_2 Pin=R48-2
Added Pin To Net: NetName=NetR48_2 Pin=R62-1
Added Pin To Net: NetName=NetR48_2 Pin=U3-14
Added Net: Name=NetR48_2
Added Pin To Net: NetName=NetR53_2 Pin=R53-2
Added Pin To Net: NetName=NetR53_2 Pin=R64-1
Added Pin To Net: NetName=NetR53_2 Pin=U4-7
Added Net: Name=NetR53_2
Added Pin To Net: NetName=NetR58_2 Pin=R58-2
Added Pin To Net: NetName=NetR58_2 Pin=R66-1
Added Pin To Net: NetName=NetR58_2 Pin=U4-14
Added Net: Name=NetR58_2
Added Member To Class: ClassName=AUX_Stufe Member=Component C43 47uF
Added Member To Class: ClassName=AUX_Stufe Member=Component C44 47uF
Added Member To Class: ClassName=AUX_Stufe Member=Component C45 47uF
Added Member To Class: ClassName=AUX_Stufe Member=Component R62 100k
Added Member To Class: ClassName=AUX_Stufe Member=Component R63 100k
Added Member To Class: ClassName=AUX_Stufe Member=Component R64 100k
Added Member To Class: ClassName=AUX_Stufe Member=Component R65 100k
Added Member To Class: ClassName=AUX_Stufe Member=Component R66 100k
Added Member To Class: ClassName=AUX_Stufe Member=Component R67 100k
