Added Component: Designator=C1(4141 Kondensator)
Add component (AddParameter): Name = "Value"; Value = "100uF"; VariantName = "[No Variations]"
Added Component: Designator=C2(2626 Kondensator)
Add component (AddParameter): Name = "Case/Package"; Value = "Radial"; VariantName = "[No Variations]"
Add component (AddParameter): Name = "Diameter"; Value = "6.3mm"; VariantName = "[No Variations]"
Add component (AddParameter): Name = "Dissipation Factor"; Value = "12%"; VariantName = "[No Variations]"
Add component (AddParameter): Name = "ESR (Equivalent Series Resistance)"; Value = "30mR"; VariantName = "[No Variations]"
Add component (AddParameter): Name = "Height"; Value = "5.9mm"; VariantName = "[No Variations]"
Add component (AddParameter): Name = "Height - Seated (Max)"; Value = "0.236inch"; VariantName = "[No Variations]"
Add component (AddParameter): Name = "Leakage Current"; Value = "235uA"; VariantName = "[No Variations]"
Add component (AddParameter): Name = "Length"; Value = "5.9mm"; VariantName = "[No Variations]"
Add component (AddParameter): Name = "Life (Hours)"; Value = "5000Hour"; VariantName = "[No Variations]"
Add component (AddParameter): Name = "Max Operating Temperature"; Value = "105∞C"; VariantName = "[No Variations]"
Add component (AddParameter): Name = "Min Operating Temperature"; Value = "-55∞C"; VariantName = "[No Variations]"
Add component (AddParameter): Name = "Mount"; Value = "Surface Mount"; VariantName = "[No Variations]"
Add component (AddParameter): Name = "Number of Pins"; Value = "6"; VariantName = "[No Variations]"
Add component (AddParameter): Name = "Package Quantity"; Value = "1000"; VariantName = "[No Variations]"
Add component (AddParameter): Name = "Packaging"; Value = "Tape and Reel"; VariantName = "[No Variations]"
Add component (AddParameter): Name = "Polarity"; Value = "Polar"; VariantName = "[No Variations]"
Add component (AddParameter): Name = "REACH SVHC"; Value = "No SVHC"; VariantName = "[No Variations]"
Add component (AddParameter): Name = "Ripple Current"; Value = "2.8A"; VariantName = "[No Variations]"
Add component (AddParameter): Name = "Ripple Current (AC)"; Value = "2.8A"; VariantName = "[No Variations]"
Add component (AddParameter): Name = "RoHS Compliant"; Value = "Yes"; VariantName = "[No Variations]"
Add component (AddParameter): Name = "Series"; Value = "OS-CONô, SVPF"; VariantName = "[No Variations]"
Add component (AddParameter): Name = "Termination"; Value = "SMD/SMT"; VariantName = "[No Variations]"
Add component (AddParameter): Name = "Tolerance"; Value = "20%"; VariantName = "[No Variations]"
Add component (AddParameter): Name = "Value"; Value = "47uF"; VariantName = "[No Variations]"
Add component (AddParameter): Name = "Voltage"; Value = "25V"; VariantName = "[No Variations]"
Add component (AddParameter): Name = "Voltage Rating"; Value = "25V"; VariantName = "[No Variations]"
Add component (AddParameter): Name = "Voltage Rating (DC)"; Value = "25V"; VariantName = "[No Variations]"
Added Component: Designator=C3(0805)
Add component (AddParameter): Name = "Value"; Value = "47uF"; VariantName = "[No Variations]"
Added Component: Designator=C4(0805)
Add component (AddParameter): Name = "Value"; Value = "47uF"; VariantName = "[No Variations]"
Added Component: Designator=C5(0805)
Add component (AddParameter): Name = "Value"; Value = "47uF"; VariantName = "[No Variations]"
Added Component: Designator=C6(0805)
Add component (AddParameter): Name = "Value"; Value = "47uF"; VariantName = "[No Variations]"
Added Component: Designator=C7(0805)
Add component (AddParameter): Name = "Value"; Value = "47uF"; VariantName = "[No Variations]"
Added Component: Designator=C8(0805)
Add component (AddParameter): Name = "Value"; Value = "47uF"; VariantName = "[No Variations]"
Added Component: Designator=C9(2626 Kondensator)
Add component (AddParameter): Name = "Case/Package"; Value = "Radial"; VariantName = "[No Variations]"
Add component (AddParameter): Name = "Diameter"; Value = "6.3mm"; VariantName = "[No Variations]"
Add component (AddParameter): Name = "Dissipation Factor"; Value = "12%"; VariantName = "[No Variations]"
Add component (AddParameter): Name = "ESR (Equivalent Series Resistance)"; Value = "30mR"; VariantName = "[No Variations]"
Add component (AddParameter): Name = "Height"; Value = "5.9mm"; VariantName = "[No Variations]"
Add component (AddParameter): Name = "Height - Seated (Max)"; Value = "0.236inch"; VariantName = "[No Variations]"
Add component (AddParameter): Name = "Leakage Current"; Value = "235uA"; VariantName = "[No Variations]"
Add component (AddParameter): Name = "Length"; Value = "5.9mm"; VariantName = "[No Variations]"
Add component (AddParameter): Name = "Life (Hours)"; Value = "5000Hour"; VariantName = "[No Variations]"
Add component (AddParameter): Name = "Max Operating Temperature"; Value = "105∞C"; VariantName = "[No Variations]"
Add component (AddParameter): Name = "Min Operating Temperature"; Value = "-55∞C"; VariantName = "[No Variations]"
Add component (AddParameter): Name = "Mount"; Value = "Surface Mount"; VariantName = "[No Variations]"
Add component (AddParameter): Name = "Number of Pins"; Value = "6"; VariantName = "[No Variations]"
Add component (AddParameter): Name = "Package Quantity"; Value = "1000"; VariantName = "[No Variations]"
Add component (AddParameter): Name = "Packaging"; Value = "Tape and Reel"; VariantName = "[No Variations]"
Add component (AddParameter): Name = "Polarity"; Value = "Polar"; VariantName = "[No Variations]"
Add component (AddParameter): Name = "REACH SVHC"; Value = "No SVHC"; VariantName = "[No Variations]"
Add component (AddParameter): Name = "Ripple Current"; Value = "2.8A"; VariantName = "[No Variations]"
Add component (AddParameter): Name = "Ripple Current (AC)"; Value = "2.8A"; VariantName = "[No Variations]"
Add component (AddParameter): Name = "RoHS Compliant"; Value = "Yes"; VariantName = "[No Variations]"
Add component (AddParameter): Name = "Series"; Value = "OS-CONô, SVPF"; VariantName = "[No Variations]"
Add component (AddParameter): Name = "Termination"; Value = "SMD/SMT"; VariantName = "[No Variations]"
Add component (AddParameter): Name = "Tolerance"; Value = "20%"; VariantName = "[No Variations]"
Add component (AddParameter): Name = "Value"; Value = "47uF"; VariantName = "[No Variations]"
Add component (AddParameter): Name = "Voltage"; Value = "25V"; VariantName = "[No Variations]"
Add component (AddParameter): Name = "Voltage Rating"; Value = "25V"; VariantName = "[No Variations]"
Add component (AddParameter): Name = "Voltage Rating (DC)"; Value = "25V"; VariantName = "[No Variations]"
Added Component: Designator=C10(0805)
Add component (AddParameter): Name = "Value"; Value = "47uF"; VariantName = "[No Variations]"
Added Component: Designator=C11(0805)
Add component (AddParameter): Name = "Value"; Value = "47uF"; VariantName = "[No Variations]"
Added Component: Designator=C12(0805)
Add component (AddParameter): Name = "Value"; Value = "47uF"; VariantName = "[No Variations]"
Added Component: Designator=C13(0805)
Add component (AddParameter): Name = "Value"; Value = "47uF"; VariantName = "[No Variations]"
Added Component: Designator=C14(0805)
Add component (AddParameter): Name = "Value"; Value = "47uF"; VariantName = "[No Variations]"
Added Component: Designator=C15(0805)
Add component (AddParameter): Name = "Value"; Value = "47uF"; VariantName = "[No Variations]"
Added Component: Designator=C16(0805)
Add component (AddParameter): Name = "Value"; Value = "47uF"; VariantName = "[No Variations]"
Added Component: Designator=C17(0805)
Add component (AddParameter): Name = "Value"; Value = "47uF"; VariantName = "[No Variations]"
Added Component: Designator=C18(0805)
Add component (AddParameter): Name = "Value"; Value = "47uF"; VariantName = "[No Variations]"
Added Component: Designator=C19(0805)
Add component (AddParameter): Name = "Value"; Value = "47uF"; VariantName = "[No Variations]"
Added Component: Designator=C20(0805)
Add component (AddParameter): Name = "Value"; Value = "47uF"; VariantName = "[No Variations]"
Added Component: Designator=C21(0805)
Add component (AddParameter): Name = "Value"; Value = "47uF"; VariantName = "[No Variations]"
Added Component: Designator=C22(0805)
Add component (AddParameter): Name = "Value"; Value = "47uF"; VariantName = "[No Variations]"
Added Component: Designator=C23(0805)
Add component (AddParameter): Name = "Value"; Value = "47uF"; VariantName = "[No Variations]"
Added Component: Designator=C24(0805)
Add component (AddParameter): Name = "Value"; Value = "47uF"; VariantName = "[No Variations]"
Added Component: Designator=C25(0805)
Add component (AddParameter): Name = "Value"; Value = "47uF"; VariantName = "[No Variations]"
Added Component: Designator=C26(0805)
Add component (AddParameter): Name = "Value"; Value = "47uF"; VariantName = "[No Variations]"
Added Component: Designator=C27(0805)
Add component (AddParameter): Name = "Value"; Value = "47uF"; VariantName = "[No Variations]"
Added Component: Designator=C28(0805)
Add component (AddParameter): Name = "Value"; Value = "47uF"; VariantName = "[No Variations]"
Added Component: Designator=C29(0805)
Add component (AddParameter): Name = "Value"; Value = "47uF"; VariantName = "[No Variations]"
Added Component: Designator=C30(0805)
Add component (AddParameter): Name = "Value"; Value = "47uF"; VariantName = "[No Variations]"
Added Component: Designator=C31(0805)
Add component (AddParameter): Name = "Value"; Value = "47uF"; VariantName = "[No Variations]"
Added Component: Designator=C32(0805)
Add component (AddParameter): Name = "Value"; Value = "47uF"; VariantName = "[No Variations]"
Added Component: Designator=C33(0805)
Add component (AddParameter): Name = "Value"; Value = "47uF"; VariantName = "[No Variations]"
Added Component: Designator=C34(0805)
Add component (AddParameter): Name = "Value"; Value = "47uF"; VariantName = "[No Variations]"
Added Component: Designator=C35(0805)
Add component (AddParameter): Name = "Value"; Value = "47uF"; VariantName = "[No Variations]"
Added Component: Designator=C36(0805)
Add component (AddParameter): Name = "Value"; Value = "47uF"; VariantName = "[No Variations]"
Added Component: Designator=C37(0805)
Add component (AddParameter): Name = "Value"; Value = "47uF"; VariantName = "[No Variations]"
Added Component: Designator=C38(0805)
Add component (AddParameter): Name = "Value"; Value = "47uF"; VariantName = "[No Variations]"
Added Component: Designator=C39(0805)
Add component (AddParameter): Name = "Value"; Value = "47uF"; VariantName = "[No Variations]"
Added Component: Designator=C40(0805)
Add component (AddParameter): Name = "Value"; Value = "47uF"; VariantName = "[No Variations]"
Added Component: Designator=C41(0805)
Add component (AddParameter): Name = "Value"; Value = "47uF"; VariantName = "[No Variations]"
Added Component: Designator=C42(0805)
Add component (AddParameter): Name = "Value"; Value = "47uF"; VariantName = "[No Variations]"
Added Component: Designator=D1(1N4001 Diode)
Add component (AddParameter): Name = "ComponentLink1Description"; Value = "Manufacturer URL"; VariantName = "[No Variations]"
Add component (AddParameter): Name = "ComponentLink1URL"; Value = "http://www.onsemi.com/"; VariantName = "[No Variations]"
Add component (AddParameter): Name = "ComponentLink2Description"; Value = "Datasheet"; VariantName = "[No Variations]"
Add component (AddParameter): Name = "ComponentLink2URL"; Value = "http://www.onsemi.com/pub_link/Collateral/1N4001-D.PDF"; VariantName = "[No Variations]"
Add component (AddParameter): Name = "ComponentLink3Description"; Value = "Package Specification"; VariantName = "[No Variations]"
Add component (AddParameter): Name = "ComponentLink3URL"; Value = "http://www.onsemi.cn/pub_link/Collateral/59-10.PDF"; VariantName = "[No Variations]"
Add component (AddParameter): Name = "DatasheetVersion"; Value = "Rev. 13"; VariantName = "[No Variations]"
Add component (AddParameter): Name = "IFSM Max (A)"; Value = "30"; VariantName = "[No Variations]"
Add component (AddParameter): Name = "IO(rec) Max (A)"; Value = "1"; VariantName = "[No Variations]"
Add component (AddParameter): Name = "Manufacturer"; Value = "On Semiconductor"; VariantName = "[No Variations]"
Add component (AddParameter): Name = "Mounting Technology"; Value = "Through Hole"; VariantName = "[No Variations]"
Add component (AddParameter): Name = "PackageDescription"; Value = "2-Pin, Axial Lead, Diameter 2.35 mm"; VariantName = "[No Variations]"
Add component (AddParameter): Name = "PackageReference"; Value = "AXIAL_LEAD-2-59-10"; VariantName = "[No Variations]"
Add component (AddParameter): Name = "PackageVersion"; Value = "Rev. U, 02/2005"; VariantName = "[No Variations]"
Add component (AddParameter): Name = "Packing"; Value = "Bulk Bag"; VariantName = "[No Variations]"
Add component (AddParameter): Name = "PartNumber"; Value = "1N4001"; VariantName = "[No Variations]"
Add component (AddParameter): Name = "RoHS"; Value = "TRUE"; VariantName = "[No Variations]"
Add component (AddParameter): Name = "Type"; Value = "Standard Recovery"; VariantName = "[No Variations]"
Add component (AddParameter): Name = "VRRM Max (V)"; Value = "50"; VariantName = "[No Variations]"
Added Component: Designator=D2(1N4001 Diode)
Add component (AddParameter): Name = "ComponentLink1Description"; Value = "Manufacturer URL"; VariantName = "[No Variations]"
Add component (AddParameter): Name = "ComponentLink1URL"; Value = "http://www.onsemi.com/"; VariantName = "[No Variations]"
Add component (AddParameter): Name = "ComponentLink2Description"; Value = "Datasheet"; VariantName = "[No Variations]"
Add component (AddParameter): Name = "ComponentLink2URL"; Value = "http://www.onsemi.com/pub_link/Collateral/1N4001-D.PDF"; VariantName = "[No Variations]"
Add component (AddParameter): Name = "ComponentLink3Description"; Value = "Package Specification"; VariantName = "[No Variations]"
Add component (AddParameter): Name = "ComponentLink3URL"; Value = "http://www.onsemi.cn/pub_link/Collateral/59-10.PDF"; VariantName = "[No Variations]"
Add component (AddParameter): Name = "DatasheetVersion"; Value = "Rev. 13"; VariantName = "[No Variations]"
Add component (AddParameter): Name = "IFSM Max (A)"; Value = "30"; VariantName = "[No Variations]"
Add component (AddParameter): Name = "IO(rec) Max (A)"; Value = "1"; VariantName = "[No Variations]"
Add component (AddParameter): Name = "Manufacturer"; Value = "On Semiconductor"; VariantName = "[No Variations]"
Add component (AddParameter): Name = "Mounting Technology"; Value = "Through Hole"; VariantName = "[No Variations]"
Add component (AddParameter): Name = "PackageDescription"; Value = "2-Pin, Axial Lead, Diameter 2.35 mm"; VariantName = "[No Variations]"
Add component (AddParameter): Name = "PackageReference"; Value = "AXIAL_LEAD-2-59-10"; VariantName = "[No Variations]"
Add component (AddParameter): Name = "PackageVersion"; Value = "Rev. U, 02/2005"; VariantName = "[No Variations]"
Add component (AddParameter): Name = "Packing"; Value = "Bulk Bag"; VariantName = "[No Variations]"
Add component (AddParameter): Name = "PartNumber"; Value = "1N4001"; VariantName = "[No Variations]"
Add component (AddParameter): Name = "RoHS"; Value = "TRUE"; VariantName = "[No Variations]"
Add component (AddParameter): Name = "Type"; Value = "Standard Recovery"; VariantName = "[No Variations]"
Add component (AddParameter): Name = "VRRM Max (V)"; Value = "50"; VariantName = "[No Variations]"
Added Component: Designator=D3(1N4001 Diode)
Add component (AddParameter): Name = "ComponentLink1Description"; Value = "Manufacturer URL"; VariantName = "[No Variations]"
Add component (AddParameter): Name = "ComponentLink1URL"; Value = "http://www.onsemi.com/"; VariantName = "[No Variations]"
Add component (AddParameter): Name = "ComponentLink2Description"; Value = "Datasheet"; VariantName = "[No Variations]"
Add component (AddParameter): Name = "ComponentLink2URL"; Value = "http://www.onsemi.com/pub_link/Collateral/1N4001-D.PDF"; VariantName = "[No Variations]"
Add component (AddParameter): Name = "ComponentLink3Description"; Value = "Package Specification"; VariantName = "[No Variations]"
Add component (AddParameter): Name = "ComponentLink3URL"; Value = "http://www.onsemi.cn/pub_link/Collateral/59-10.PDF"; VariantName = "[No Variations]"
Add component (AddParameter): Name = "DatasheetVersion"; Value = "Rev. 13"; VariantName = "[No Variations]"
Add component (AddParameter): Name = "IFSM Max (A)"; Value = "30"; VariantName = "[No Variations]"
Add component (AddParameter): Name = "IO(rec) Max (A)"; Value = "1"; VariantName = "[No Variations]"
Add component (AddParameter): Name = "Manufacturer"; Value = "On Semiconductor"; VariantName = "[No Variations]"
Add component (AddParameter): Name = "Mounting Technology"; Value = "Through Hole"; VariantName = "[No Variations]"
Add component (AddParameter): Name = "PackageDescription"; Value = "2-Pin, Axial Lead, Diameter 2.35 mm"; VariantName = "[No Variations]"
Add component (AddParameter): Name = "PackageReference"; Value = "AXIAL_LEAD-2-59-10"; VariantName = "[No Variations]"
Add component (AddParameter): Name = "PackageVersion"; Value = "Rev. U, 02/2005"; VariantName = "[No Variations]"
Add component (AddParameter): Name = "Packing"; Value = "Bulk Bag"; VariantName = "[No Variations]"
Add component (AddParameter): Name = "PartNumber"; Value = "1N4001"; VariantName = "[No Variations]"
Add component (AddParameter): Name = "RoHS"; Value = "TRUE"; VariantName = "[No Variations]"
Add component (AddParameter): Name = "Type"; Value = "Standard Recovery"; VariantName = "[No Variations]"
Add component (AddParameter): Name = "VRRM Max (V)"; Value = "50"; VariantName = "[No Variations]"
Added Component: Designator=D4(1N4001 Diode)
Add component (AddParameter): Name = "ComponentLink1Description"; Value = "Manufacturer URL"; VariantName = "[No Variations]"
Add component (AddParameter): Name = "ComponentLink1URL"; Value = "http://www.onsemi.com/"; VariantName = "[No Variations]"
Add component (AddParameter): Name = "ComponentLink2Description"; Value = "Datasheet"; VariantName = "[No Variations]"
Add component (AddParameter): Name = "ComponentLink2URL"; Value = "http://www.onsemi.com/pub_link/Collateral/1N4001-D.PDF"; VariantName = "[No Variations]"
Add component (AddParameter): Name = "ComponentLink3Description"; Value = "Package Specification"; VariantName = "[No Variations]"
Add component (AddParameter): Name = "ComponentLink3URL"; Value = "http://www.onsemi.cn/pub_link/Collateral/59-10.PDF"; VariantName = "[No Variations]"
Add component (AddParameter): Name = "DatasheetVersion"; Value = "Rev. 13"; VariantName = "[No Variations]"
Add component (AddParameter): Name = "IFSM Max (A)"; Value = "30"; VariantName = "[No Variations]"
Add component (AddParameter): Name = "IO(rec) Max (A)"; Value = "1"; VariantName = "[No Variations]"
Add component (AddParameter): Name = "Manufacturer"; Value = "On Semiconductor"; VariantName = "[No Variations]"
Add component (AddParameter): Name = "Mounting Technology"; Value = "Through Hole"; VariantName = "[No Variations]"
Add component (AddParameter): Name = "PackageDescription"; Value = "2-Pin, Axial Lead, Diameter 2.35 mm"; VariantName = "[No Variations]"
Add component (AddParameter): Name = "PackageReference"; Value = "AXIAL_LEAD-2-59-10"; VariantName = "[No Variations]"
Add component (AddParameter): Name = "PackageVersion"; Value = "Rev. U, 02/2005"; VariantName = "[No Variations]"
Add component (AddParameter): Name = "Packing"; Value = "Bulk Bag"; VariantName = "[No Variations]"
Add component (AddParameter): Name = "PartNumber"; Value = "1N4001"; VariantName = "[No Variations]"
Add component (AddParameter): Name = "RoHS"; Value = "TRUE"; VariantName = "[No Variations]"
Add component (AddParameter): Name = "Type"; Value = "Standard Recovery"; VariantName = "[No Variations]"
Add component (AddParameter): Name = "VRRM Max (V)"; Value = "50"; VariantName = "[No Variations]"
Added Component: Designator=J1(Connector x3)
Add component (AddParameter): Name = "Check_prices"; Value = "https://www.snapeda.com/parts/B3B-XH-A/JST+Sales+America+Inc./view-part/?ref=eda"; VariantName = "[No Variations]"
Add component (AddParameter): Name = "MF"; Value = "JST Sales"; VariantName = "[No Variations]"
Add component (AddParameter): Name = "MP"; Value = "B3B-XH-A"; VariantName = "[No Variations]"
Add component (AddParameter): Name = "Package"; Value = "None"; VariantName = "[No Variations]"
Add component (AddParameter): Name = "SnapEDA_Link"; Value = "https://www.snapeda.com/parts/B3B-XH-A/JST+Sales+America+Inc./view-part/?ref=snap"; VariantName = "[No Variations]"
Add component (AddParameter): Name = "Value"; Value = ""; VariantName = "[No Variations]"
Added Component: Designator=J2(Connector x2)
Add component (AddParameter): Name = "Check_prices"; Value = "https://www.snapeda.com/parts/61300211121/Wurth+Elektronik/view-part/?ref=eda"; VariantName = "[No Variations]"
Add component (AddParameter): Name = "MF"; Value = "Wurth Elektronik"; VariantName = "[No Variations]"
Add component (AddParameter): Name = "MP"; Value = "61300211121"; VariantName = "[No Variations]"
Add component (AddParameter): Name = "Package"; Value = "None"; VariantName = "[No Variations]"
Add component (AddParameter): Name = "SnapEDA_Link"; Value = "https://www.snapeda.com/parts/61300211121/Wurth+Elektronik/view-part/?ref=snap"; VariantName = "[No Variations]"
Add component (AddParameter): Name = "Value"; Value = ""; VariantName = "[No Variations]"
Added Component: Designator=J3(Connector x2)
Add component (AddParameter): Name = "Check_prices"; Value = "https://www.snapeda.com/parts/61300211121/Wurth+Elektronik/view-part/?ref=eda"; VariantName = "[No Variations]"
Add component (AddParameter): Name = "MF"; Value = "Wurth Elektronik"; VariantName = "[No Variations]"
Add component (AddParameter): Name = "MP"; Value = "61300211121"; VariantName = "[No Variations]"
Add component (AddParameter): Name = "Package"; Value = "None"; VariantName = "[No Variations]"
Add component (AddParameter): Name = "SnapEDA_Link"; Value = "https://www.snapeda.com/parts/61300211121/Wurth+Elektronik/view-part/?ref=snap"; VariantName = "[No Variations]"
Add component (AddParameter): Name = "Value"; Value = ""; VariantName = "[No Variations]"
Added Component: Designator=J4(Connector x2)
Add component (AddParameter): Name = "Check_prices"; Value = "https://www.snapeda.com/parts/61300211121/Wurth+Elektronik/view-part/?ref=eda"; VariantName = "[No Variations]"
Add component (AddParameter): Name = "MF"; Value = "Wurth Elektronik"; VariantName = "[No Variations]"
Add component (AddParameter): Name = "MP"; Value = "61300211121"; VariantName = "[No Variations]"
Add component (AddParameter): Name = "Package"; Value = "None"; VariantName = "[No Variations]"
Add component (AddParameter): Name = "SnapEDA_Link"; Value = "https://www.snapeda.com/parts/61300211121/Wurth+Elektronik/view-part/?ref=snap"; VariantName = "[No Variations]"
Add component (AddParameter): Name = "Value"; Value = ""; VariantName = "[No Variations]"
Added Component: Designator=J5(Connector x2)
Add component (AddParameter): Name = "Check_prices"; Value = "https://www.snapeda.com/parts/61300211121/Wurth+Elektronik/view-part/?ref=eda"; VariantName = "[No Variations]"
Add component (AddParameter): Name = "MF"; Value = "Wurth Elektronik"; VariantName = "[No Variations]"
Add component (AddParameter): Name = "MP"; Value = "61300211121"; VariantName = "[No Variations]"
Add component (AddParameter): Name = "Package"; Value = "None"; VariantName = "[No Variations]"
Add component (AddParameter): Name = "SnapEDA_Link"; Value = "https://www.snapeda.com/parts/61300211121/Wurth+Elektronik/view-part/?ref=snap"; VariantName = "[No Variations]"
Add component (AddParameter): Name = "Value"; Value = ""; VariantName = "[No Variations]"
Added Component: Designator=J6(Connector x2)
Add component (AddParameter): Name = "Check_prices"; Value = "https://www.snapeda.com/parts/61300211121/Wurth+Elektronik/view-part/?ref=eda"; VariantName = "[No Variations]"
Add component (AddParameter): Name = "MF"; Value = "Wurth Elektronik"; VariantName = "[No Variations]"
Add component (AddParameter): Name = "MP"; Value = "61300211121"; VariantName = "[No Variations]"
Add component (AddParameter): Name = "Package"; Value = "None"; VariantName = "[No Variations]"
Add component (AddParameter): Name = "SnapEDA_Link"; Value = "https://www.snapeda.com/parts/61300211121/Wurth+Elektronik/view-part/?ref=snap"; VariantName = "[No Variations]"
Add component (AddParameter): Name = "Value"; Value = ""; VariantName = "[No Variations]"
Added Component: Designator=J7(Connector x2)
Add component (AddParameter): Name = "Check_prices"; Value = "https://www.snapeda.com/parts/61300211121/Wurth+Elektronik/view-part/?ref=eda"; VariantName = "[No Variations]"
Add component (AddParameter): Name = "MF"; Value = "Wurth Elektronik"; VariantName = "[No Variations]"
Add component (AddParameter): Name = "MP"; Value = "61300211121"; VariantName = "[No Variations]"
Add component (AddParameter): Name = "Package"; Value = "None"; VariantName = "[No Variations]"
Add component (AddParameter): Name = "SnapEDA_Link"; Value = "https://www.snapeda.com/parts/61300211121/Wurth+Elektronik/view-part/?ref=snap"; VariantName = "[No Variations]"
Add component (AddParameter): Name = "Value"; Value = ""; VariantName = "[No Variations]"
Added Component: Designator=J8(Connector x14)
Add component (AddParameter): Name = "Availability"; Value = "Warning"; VariantName = "[No Variations]"
Add component (AddParameter): Name = "Check_prices"; Value = "https://www.snapeda.com/parts/SFH11-PBPC-D07-ST-BK/Sullins%20Connector%20Solutions/view-part/851415/?ref=eda"; VariantName = "[No Variations]"
Add component (AddParameter): Name = "MF"; Value = "Sullins Connector"; VariantName = "[No Variations]"
Add component (AddParameter): Name = "MP"; Value = "SFH11-PBPC-D07-ST-BK"; VariantName = "[No Variations]"
Add component (AddParameter): Name = "Package"; Value = "None"; VariantName = "[No Variations]"
Add component (AddParameter): Name = "Price"; Value = "None"; VariantName = "[No Variations]"
Add component (AddParameter): Name = "Purchase-URL"; Value = "https://pricing.snapeda.com/search/part/SFH11-PBPC-D07-ST-BK/?ref=eda"; VariantName = "[No Variations]"
Add component (AddParameter): Name = "SnapEDA_Link"; Value = "https://www.snapeda.com/parts/SFH11-PBPC-D07-ST-BK/Sullins%20Connector%20Solutions/view-part/851415/?ref=snap"; VariantName = "[No Variations]"
Add component (AddParameter): Name = "Value"; Value = ""; VariantName = "[No Variations]"
Added Component: Designator=Q1(Buchsenleiste 3 Fach PNP TO92)
Add component (AddParameter): Name = "Typ"; Value = "PNP"; VariantName = "[No Variations]"
Added Component: Designator=Q2(Buchsenleiste 3 Fach PNP TO92)
Add component (AddParameter): Name = "Typ"; Value = "PNP"; VariantName = "[No Variations]"
Added Component: Designator=Q3(Buchsenleiste 3 Fach PNP TO92)
Add component (AddParameter): Name = "Typ"; Value = "PNP"; VariantName = "[No Variations]"
Added Component: Designator=Q4(Buchsenleiste 3 Fach PNP TO92)
Add component (AddParameter): Name = "Typ"; Value = "PNP"; VariantName = "[No Variations]"
Added Component: Designator=Q5(Buchsenleiste 3 Fach PNP TO92)
Add component (AddParameter): Name = "Typ"; Value = "PNP"; VariantName = "[No Variations]"
Added Component: Designator=Q6(Buchsenleiste 3 Fach PNP TO92)
Add component (AddParameter): Name = "Typ"; Value = "PNP"; VariantName = "[No Variations]"
Added Component: Designator=R1(0805)
Add component (AddParameter): Name = "Value"; Value = "100k"; VariantName = "[No Variations]"
Added Component: Designator=R2(0805)
Add component (AddParameter): Name = "Value"; Value = "100k"; VariantName = "[No Variations]"
Added Component: Designator=R3(0805)
Add component (AddParameter): Name = "Value"; Value = "100k"; VariantName = "[No Variations]"
Added Component: Designator=R4(0805)
Add component (AddParameter): Name = "Value"; Value = "100k"; VariantName = "[No Variations]"
Added Component: Designator=R5(0805)
Add component (AddParameter): Name = "Value"; Value = "100k"; VariantName = "[No Variations]"
Added Component: Designator=R6(0805)
Add component (AddParameter): Name = "Value"; Value = "100k"; VariantName = "[No Variations]"
Added Component: Designator=R7(0805)
Add component (AddParameter): Name = "Value"; Value = "100k"; VariantName = "[No Variations]"
Added Component: Designator=R8(Connector x3)
Add component (AddParameter): Name = "Value"; Value = "10k log"; VariantName = "[No Variations]"
Added Component: Designator=R9(0805)
Add component (AddParameter): Name = "Value"; Value = "100k"; VariantName = "[No Variations]"
Added Component: Designator=R10(0805)
Add component (AddParameter): Name = "Value"; Value = "100k"; VariantName = "[No Variations]"
Added Component: Designator=R11(0805)
Add component (AddParameter): Name = "Value"; Value = "100k"; VariantName = "[No Variations]"
Added Component: Designator=R12(0805)
Add component (AddParameter): Name = "Value"; Value = "100k"; VariantName = "[No Variations]"
Added Component: Designator=R13(0805)
Add component (AddParameter): Name = "Value"; Value = "100k"; VariantName = "[No Variations]"
Added Component: Designator=R14(0805)
Add component (AddParameter): Name = "Value"; Value = "100k"; VariantName = "[No Variations]"
Added Component: Designator=R15(0805)
Add component (AddParameter): Name = "Value"; Value = "100k"; VariantName = "[No Variations]"
Added Component: Designator=R16(0805)
Add component (AddParameter): Name = "Value"; Value = "100k"; VariantName = "[No Variations]"
Added Component: Designator=R17(0805)
Add component (AddParameter): Name = "Value"; Value = "100k"; VariantName = "[No Variations]"
Added Component: Designator=R18(0805)
Add component (AddParameter): Name = "Value"; Value = "100k"; VariantName = "[No Variations]"
Added Component: Designator=R19(0805)
Add component (AddParameter): Name = "Value"; Value = "100k"; VariantName = "[No Variations]"
Added Component: Designator=R20(0805)
Add component (AddParameter): Name = "Value"; Value = "100k"; VariantName = "[No Variations]"
Added Component: Designator=R21(0805)
Add component (AddParameter): Name = "Value"; Value = "100k"; VariantName = "[No Variations]"
Added Component: Designator=R22(0805)
Add component (AddParameter): Name = "Value"; Value = "100k"; VariantName = "[No Variations]"
Added Component: Designator=R23(0805)
Add component (AddParameter): Name = "Value"; Value = "100k"; VariantName = "[No Variations]"
Added Component: Designator=R24(0805)
Add component (AddParameter): Name = "Value"; Value = "100k"; VariantName = "[No Variations]"
Added Component: Designator=R25(0805)
Add component (AddParameter): Name = "Value"; Value = "100k"; VariantName = "[No Variations]"
Added Component: Designator=R26(0805)
Add component (AddParameter): Name = "Value"; Value = "100k"; VariantName = "[No Variations]"
Added Component: Designator=R27(Connector x3)
Add component (AddParameter): Name = "Value"; Value = "10k log"; VariantName = "[No Variations]"
Added Component: Designator=R28(0805)
Add component (AddParameter): Name = "Value"; Value = "100k"; VariantName = "[No Variations]"
Added Component: Designator=R29(0805)
Add component (AddParameter): Name = "Value"; Value = "100k"; VariantName = "[No Variations]"
Added Component: Designator=R30(0805)
Add component (AddParameter): Name = "Value"; Value = "100k"; VariantName = "[No Variations]"
Added Component: Designator=R31(0805)
Add component (AddParameter): Name = "Value"; Value = "100k"; VariantName = "[No Variations]"
Added Component: Designator=R32(Connector x3)
Add component (AddParameter): Name = "Value"; Value = "10k log"; VariantName = "[No Variations]"
Added Component: Designator=R33(Connector x3)
Add component (AddParameter): Name = "Value"; Value = "10k log"; VariantName = "[No Variations]"
Added Component: Designator=R34(0805)
Add component (AddParameter): Name = "Value"; Value = "100k"; VariantName = "[No Variations]"
Added Component: Designator=R35(Connector x3)
Add component (AddParameter): Name = "Value"; Value = "10k log"; VariantName = "[No Variations]"
Added Component: Designator=R36(0805)
Add component (AddParameter): Name = "Value"; Value = "100k"; VariantName = "[No Variations]"
Added Component: Designator=R37(Connector x3)
Add component (AddParameter): Name = "Value"; Value = "10k log"; VariantName = "[No Variations]"
Added Component: Designator=R38(Connector x3)
Add component (AddParameter): Name = "Value"; Value = "10k log"; VariantName = "[No Variations]"
Added Component: Designator=R39(0805)
Add component (AddParameter): Name = "Value"; Value = "100k"; VariantName = "[No Variations]"
Added Component: Designator=R40(0805)
Add component (AddParameter): Name = "Value"; Value = "100k"; VariantName = "[No Variations]"
Added Component: Designator=R41(0805)
Add component (AddParameter): Name = "Value"; Value = "100k"; VariantName = "[No Variations]"
Added Component: Designator=R42(0805)
Add component (AddParameter): Name = "Value"; Value = "100k"; VariantName = "[No Variations]"
Added Component: Designator=R43(0805)
Add component (AddParameter): Name = "Value"; Value = "100k"; VariantName = "[No Variations]"
Added Component: Designator=R44(0805)
Add component (AddParameter): Name = "Value"; Value = "100k"; VariantName = "[No Variations]"
Added Component: Designator=R45(0805)
Add component (AddParameter): Name = "Value"; Value = "100k"; VariantName = "[No Variations]"
Added Component: Designator=R46(0805)
Add component (AddParameter): Name = "Value"; Value = "100k"; VariantName = "[No Variations]"
Added Component: Designator=R47(0805)
Add component (AddParameter): Name = "Value"; Value = "100k"; VariantName = "[No Variations]"
Added Component: Designator=R48(0805)
Add component (AddParameter): Name = "Value"; Value = "100k"; VariantName = "[No Variations]"
Added Component: Designator=R49(Connector x3)
Add component (AddParameter): Name = "Value"; Value = "10k log"; VariantName = "[No Variations]"
Added Component: Designator=R50(0805)
Add component (AddParameter): Name = "Value"; Value = "100k"; VariantName = "[No Variations]"
Added Component: Designator=R51(0805)
Add component (AddParameter): Name = "Value"; Value = "100k"; VariantName = "[No Variations]"
Added Component: Designator=R52(0805)
Add component (AddParameter): Name = "Value"; Value = "100k"; VariantName = "[No Variations]"
Added Component: Designator=R53(0805)
Add component (AddParameter): Name = "Value"; Value = "100k"; VariantName = "[No Variations]"
Added Component: Designator=R54(Connector x3)
Add component (AddParameter): Name = "Value"; Value = "10k log"; VariantName = "[No Variations]"
Added Component: Designator=R55(0805)
Add component (AddParameter): Name = "Value"; Value = "100k"; VariantName = "[No Variations]"
Added Component: Designator=R56(0805)
Add component (AddParameter): Name = "Value"; Value = "100k"; VariantName = "[No Variations]"
Added Component: Designator=R57(0805)
Add component (AddParameter): Name = "Value"; Value = "100k"; VariantName = "[No Variations]"
Added Component: Designator=R58(0805)
Add component (AddParameter): Name = "Value"; Value = "100k"; VariantName = "[No Variations]"
Added Component: Designator=R59(Connector x3)
Add component (AddParameter): Name = "Value"; Value = "10k log"; VariantName = "[No Variations]"
Added Component: Designator=R60(0805)
Add component (AddParameter): Name = "Value"; Value = "100k"; VariantName = "[No Variations]"
Added Component: Designator=R61(0805)
Add component (AddParameter): Name = "Value"; Value = "100k"; VariantName = "[No Variations]"
Added Component: Designator=S1(Connector x3)
Add component (AddParameter): Name = "Availability"; Value = "Unavailable"; VariantName = "[No Variations]"
Add component (AddParameter): Name = "MF"; Value = ""; VariantName = "[No Variations]"
Add component (AddParameter): Name = "MP"; Value = "100SP1T1B4M2QE"; VariantName = "[No Variations]"
Add component (AddParameter): Name = "Package"; Value = "None"; VariantName = "[No Variations]"
Add component (AddParameter): Name = "Price"; Value = "None"; VariantName = "[No Variations]"
Add component (AddParameter): Name = "Value"; Value = ""; VariantName = "[No Variations]"
Added Component: Designator=S2(Connector x3)
Add component (AddParameter): Name = "Availability"; Value = "Unavailable"; VariantName = "[No Variations]"
Add component (AddParameter): Name = "MF"; Value = ""; VariantName = "[No Variations]"
Add component (AddParameter): Name = "MP"; Value = "100SP1T1B4M2QE"; VariantName = "[No Variations]"
Add component (AddParameter): Name = "Package"; Value = "None"; VariantName = "[No Variations]"
Add component (AddParameter): Name = "Price"; Value = "None"; VariantName = "[No Variations]"
Add component (AddParameter): Name = "Value"; Value = ""; VariantName = "[No Variations]"
Added Component: Designator=S3(Connector x3)
Add component (AddParameter): Name = "Availability"; Value = "Unavailable"; VariantName = "[No Variations]"
Add component (AddParameter): Name = "MF"; Value = ""; VariantName = "[No Variations]"
Add component (AddParameter): Name = "MP"; Value = "100SP1T1B4M2QE"; VariantName = "[No Variations]"
Add component (AddParameter): Name = "Package"; Value = "None"; VariantName = "[No Variations]"
Add component (AddParameter): Name = "Price"; Value = "None"; VariantName = "[No Variations]"
Add component (AddParameter): Name = "Value"; Value = ""; VariantName = "[No Variations]"
Added Component: Designator=U1(DIP14 IC Socket)
Add component (AddParameter): Name = "BW @ Acl(MHz)"; Value = ""; VariantName = "[No Variations]"
Add component (AddParameter): Name = "Code_JEDEC"; Value = "MS-012"; VariantName = "[No Variations]"
Add component (AddParameter): Name = "ComponentLink1Description"; Value = "Manufacturer URL"; VariantName = "[No Variations]"
Add component (AddParameter): Name = "ComponentLink1URL"; Value = "http://www.ti.com/"; VariantName = "[No Variations]"
Add component (AddParameter): Name = "ComponentLink2Description"; Value = "Datasheet"; VariantName = "[No Variations]"
Add component (AddParameter): Name = "ComponentLink2URL"; Value = "http://www.ti.com/general/docs/lit/getliterature.tsp?genericPartNumber=OPA4134&fileType=pdf"; VariantName = "[No Variations]"
Add component (AddParameter): Name = "ComponentLink3Description"; Value = "Package Specification"; VariantName = "[No Variations]"
Add component (AddParameter): Name = "ComponentLink3URL"; Value = "http://www.ti.com/lit/ml/mpds177g/mpds177g.pdf"; VariantName = "[No Variations]"
Add component (AddParameter): Name = "DatasheetVersion"; Value = "SBOS058"; VariantName = "[No Variations]"
Add component (AddParameter): Name = "Eco-Plan"; Value = "Green (RoHS & no Sb/Br)"; VariantName = "[No Variations]"
Add component (AddParameter): Name = "GBW(Typ)(MHz)"; Value = "8"; VariantName = "[No Variations]"
Add component (AddParameter): Name = "Iq per channel(Max)(mA)"; Value = "5"; VariantName = "[No Variations]"
Add component (AddParameter): Name = "Manufacturer"; Value = "Texas Instruments"; VariantName = "[No Variations]"
Add component (AddParameter): Name = "Mounting Technology"; Value = "Surface Mount"; VariantName = "[No Variations]"
Add component (AddParameter): Name = "Number of Channels"; Value = "4"; VariantName = "[No Variations]"
Add component (AddParameter): Name = "PackageDescription"; Value = "14-Pin Plastic Small Outline, Body 8.65 x 3.9 mm, Pitch 1.27 mm"; VariantName = "[No Variations]"
Add component (AddParameter): Name = "PackageReference"; Value = "D0014A"; VariantName = "[No Variations]"
Add component (AddParameter): Name = "PackageVersion"; Value = "4040047-5/M, 06/2011"; VariantName = "[No Variations]"
Add component (AddParameter): Name = "PartNumber"; Value = "OPA4134UA"; VariantName = "[No Variations]"
Add component (AddParameter): Name = "SubFamily"; Value = "Audio Operational Amplifier"; VariantName = "[No Variations]"
Add component (AddParameter): Name = "Vmax(V)"; Value = "36"; VariantName = "[No Variations]"
Add component (AddParameter): Name = "Vmin(V)"; Value = "5"; VariantName = "[No Variations]"
Add component (AddParameter): Name = "Vn at Flatband(Typ)(nV/rtHz)"; Value = "8"; VariantName = "[No Variations]"
Added Component: Designator=U2(DIP14 IC Socket)
Add component (AddParameter): Name = "BW @ Acl(MHz)"; Value = ""; VariantName = "[No Variations]"
Add component (AddParameter): Name = "Code_JEDEC"; Value = "MS-012"; VariantName = "[No Variations]"
Add component (AddParameter): Name = "ComponentLink1Description"; Value = "Manufacturer URL"; VariantName = "[No Variations]"
Add component (AddParameter): Name = "ComponentLink1URL"; Value = "http://www.ti.com/"; VariantName = "[No Variations]"
Add component (AddParameter): Name = "ComponentLink2Description"; Value = "Datasheet"; VariantName = "[No Variations]"
Add component (AddParameter): Name = "ComponentLink2URL"; Value = "http://www.ti.com/general/docs/lit/getliterature.tsp?genericPartNumber=OPA4134&fileType=pdf"; VariantName = "[No Variations]"
Add component (AddParameter): Name = "ComponentLink3Description"; Value = "Package Specification"; VariantName = "[No Variations]"
Add component (AddParameter): Name = "ComponentLink3URL"; Value = "http://www.ti.com/lit/ml/mpds177g/mpds177g.pdf"; VariantName = "[No Variations]"
Add component (AddParameter): Name = "DatasheetVersion"; Value = "SBOS058"; VariantName = "[No Variations]"
Add component (AddParameter): Name = "Eco-Plan"; Value = "Green (RoHS & no Sb/Br)"; VariantName = "[No Variations]"
Add component (AddParameter): Name = "GBW(Typ)(MHz)"; Value = "8"; VariantName = "[No Variations]"
Add component (AddParameter): Name = "Iq per channel(Max)(mA)"; Value = "5"; VariantName = "[No Variations]"
Add component (AddParameter): Name = "Manufacturer"; Value = "Texas Instruments"; VariantName = "[No Variations]"
Add component (AddParameter): Name = "Mounting Technology"; Value = "Surface Mount"; VariantName = "[No Variations]"
Add component (AddParameter): Name = "Number of Channels"; Value = "4"; VariantName = "[No Variations]"
Add component (AddParameter): Name = "PackageDescription"; Value = "14-Pin Plastic Small Outline, Body 8.65 x 3.9 mm, Pitch 1.27 mm"; VariantName = "[No Variations]"
Add component (AddParameter): Name = "PackageReference"; Value = "D0014A"; VariantName = "[No Variations]"
Add component (AddParameter): Name = "PackageVersion"; Value = "4040047-5/M, 06/2011"; VariantName = "[No Variations]"
Add component (AddParameter): Name = "PartNumber"; Value = "OPA4134UA"; VariantName = "[No Variations]"
Add component (AddParameter): Name = "SubFamily"; Value = "Audio Operational Amplifier"; VariantName = "[No Variations]"
Add component (AddParameter): Name = "Vmax(V)"; Value = "36"; VariantName = "[No Variations]"
Add component (AddParameter): Name = "Vmin(V)"; Value = "5"; VariantName = "[No Variations]"
Add component (AddParameter): Name = "Vn at Flatband(Typ)(nV/rtHz)"; Value = "8"; VariantName = "[No Variations]"
Added Component: Designator=U3(DIP14 IC Socket)
Add component (AddParameter): Name = "BW @ Acl(MHz)"; Value = ""; VariantName = "[No Variations]"
Add component (AddParameter): Name = "Code_JEDEC"; Value = "MS-012"; VariantName = "[No Variations]"
Add component (AddParameter): Name = "ComponentLink1Description"; Value = "Manufacturer URL"; VariantName = "[No Variations]"
Add component (AddParameter): Name = "ComponentLink1URL"; Value = "http://www.ti.com/"; VariantName = "[No Variations]"
Add component (AddParameter): Name = "ComponentLink2Description"; Value = "Datasheet"; VariantName = "[No Variations]"
Add component (AddParameter): Name = "ComponentLink2URL"; Value = "http://www.ti.com/general/docs/lit/getliterature.tsp?genericPartNumber=OPA4134&fileType=pdf"; VariantName = "[No Variations]"
Add component (AddParameter): Name = "ComponentLink3Description"; Value = "Package Specification"; VariantName = "[No Variations]"
Add component (AddParameter): Name = "ComponentLink3URL"; Value = "http://www.ti.com/lit/ml/mpds177g/mpds177g.pdf"; VariantName = "[No Variations]"
Add component (AddParameter): Name = "DatasheetVersion"; Value = "SBOS058"; VariantName = "[No Variations]"
Add component (AddParameter): Name = "Eco-Plan"; Value = "Green (RoHS & no Sb/Br)"; VariantName = "[No Variations]"
Add component (AddParameter): Name = "GBW(Typ)(MHz)"; Value = "8"; VariantName = "[No Variations]"
Add component (AddParameter): Name = "Iq per channel(Max)(mA)"; Value = "5"; VariantName = "[No Variations]"
Add component (AddParameter): Name = "Manufacturer"; Value = "Texas Instruments"; VariantName = "[No Variations]"
Add component (AddParameter): Name = "Mounting Technology"; Value = "Surface Mount"; VariantName = "[No Variations]"
Add component (AddParameter): Name = "Number of Channels"; Value = "4"; VariantName = "[No Variations]"
Add component (AddParameter): Name = "PackageDescription"; Value = "14-Pin Plastic Small Outline, Body 8.65 x 3.9 mm, Pitch 1.27 mm"; VariantName = "[No Variations]"
Add component (AddParameter): Name = "PackageReference"; Value = "D0014A"; VariantName = "[No Variations]"
Add component (AddParameter): Name = "PackageVersion"; Value = "4040047-5/M, 06/2011"; VariantName = "[No Variations]"
Add component (AddParameter): Name = "PartNumber"; Value = "OPA4134UA"; VariantName = "[No Variations]"
Add component (AddParameter): Name = "SubFamily"; Value = "Audio Operational Amplifier"; VariantName = "[No Variations]"
Add component (AddParameter): Name = "Vmax(V)"; Value = "36"; VariantName = "[No Variations]"
Add component (AddParameter): Name = "Vmin(V)"; Value = "5"; VariantName = "[No Variations]"
Add component (AddParameter): Name = "Vn at Flatband(Typ)(nV/rtHz)"; Value = "8"; VariantName = "[No Variations]"
Added Component: Designator=U4(DIP14 IC Socket)
Add component (AddParameter): Name = "BW @ Acl(MHz)"; Value = ""; VariantName = "[No Variations]"
Add component (AddParameter): Name = "Code_JEDEC"; Value = "MS-012"; VariantName = "[No Variations]"
Add component (AddParameter): Name = "ComponentLink1Description"; Value = "Manufacturer URL"; VariantName = "[No Variations]"
Add component (AddParameter): Name = "ComponentLink1URL"; Value = "http://www.ti.com/"; VariantName = "[No Variations]"
Add component (AddParameter): Name = "ComponentLink2Description"; Value = "Datasheet"; VariantName = "[No Variations]"
Add component (AddParameter): Name = "ComponentLink2URL"; Value = "http://www.ti.com/general/docs/lit/getliterature.tsp?genericPartNumber=OPA4134&fileType=pdf"; VariantName = "[No Variations]"
Add component (AddParameter): Name = "ComponentLink3Description"; Value = "Package Specification"; VariantName = "[No Variations]"
Add component (AddParameter): Name = "ComponentLink3URL"; Value = "http://www.ti.com/lit/ml/mpds177g/mpds177g.pdf"; VariantName = "[No Variations]"
Add component (AddParameter): Name = "DatasheetVersion"; Value = "SBOS058"; VariantName = "[No Variations]"
Add component (AddParameter): Name = "Eco-Plan"; Value = "Green (RoHS & no Sb/Br)"; VariantName = "[No Variations]"
Add component (AddParameter): Name = "GBW(Typ)(MHz)"; Value = "8"; VariantName = "[No Variations]"
Add component (AddParameter): Name = "Iq per channel(Max)(mA)"; Value = "5"; VariantName = "[No Variations]"
Add component (AddParameter): Name = "Manufacturer"; Value = "Texas Instruments"; VariantName = "[No Variations]"
Add component (AddParameter): Name = "Mounting Technology"; Value = "Surface Mount"; VariantName = "[No Variations]"
Add component (AddParameter): Name = "Number of Channels"; Value = "4"; VariantName = "[No Variations]"
Add component (AddParameter): Name = "PackageDescription"; Value = "14-Pin Plastic Small Outline, Body 8.65 x 3.9 mm, Pitch 1.27 mm"; VariantName = "[No Variations]"
Add component (AddParameter): Name = "PackageReference"; Value = "D0014A"; VariantName = "[No Variations]"
Add component (AddParameter): Name = "PackageVersion"; Value = "4040047-5/M, 06/2011"; VariantName = "[No Variations]"
Add component (AddParameter): Name = "PartNumber"; Value = "OPA4134UA"; VariantName = "[No Variations]"
Add component (AddParameter): Name = "SubFamily"; Value = "Audio Operational Amplifier"; VariantName = "[No Variations]"
Add component (AddParameter): Name = "Vmax(V)"; Value = "36"; VariantName = "[No Variations]"
Add component (AddParameter): Name = "Vmin(V)"; Value = "5"; VariantName = "[No Variations]"
Add component (AddParameter): Name = "Vn at Flatband(Typ)(nV/rtHz)"; Value = "8"; VariantName = "[No Variations]"
Added Component: Designator=U5(TO220 Spannungsregler 78xx)
Add component (AddParameter): Name = "Typ"; Value = "7818"; VariantName = "[No Variations]"
Added Component: Designator=U6(TO220 Spannungsregler 79xx)
Add component (AddParameter): Name = "Typ"; Value = "7818"; VariantName = "[No Variations]"
Added Pin To Net: NetName=NetC1_1 Pin=C1-1
Added Pin To Net: NetName=NetC1_2 Pin=C1-2
Added Pin To Net: NetName=NetC2_1 Pin=C2-1
Added Pin To Net: NetName=Heiﬂ Pin=C2-2
Added Pin To Net: NetName=NetC3_1 Pin=C3-1
Added Pin To Net: NetName=NetC3_2 Pin=C3-2
Added Pin To Net: NetName=Masse Pin=C4-1
Added Pin To Net: NetName=NetC2_1 Pin=C4-2
Added Pin To Net: NetName=NetC5_1 Pin=C5-1
Added Pin To Net: NetName=NetC2_1 Pin=C5-2
Added Pin To Net: NetName=NetC6_1 Pin=C6-1
Added Pin To Net: NetName=NetC6_2 Pin=C6-2
Added Pin To Net: NetName=NetC5_1 Pin=C7-1
Added Pin To Net: NetName=Masse Pin=C7-2
Added Pin To Net: NetName=NetC8_1 Pin=C8-1
Added Pin To Net: NetName=NetC8_2 Pin=C8-2
Added Pin To Net: NetName=NetC5_1 Pin=C9-1
Added Pin To Net: NetName=Kalt Pin=C9-2
Added Pin To Net: NetName=NetC10_1 Pin=C10-1
Added Pin To Net: NetName=NetC10_2 Pin=C10-2
Added Pin To Net: NetName=NetC10_2 Pin=C11-1
Added Pin To Net: NetName=NetC11_2 Pin=C11-2
Added Pin To Net: NetName=NetC12_1 Pin=C12-1
Added Pin To Net: NetName=NetC12_2 Pin=C12-2
Added Pin To Net: NetName=NetC13_1 Pin=C13-1
Added Pin To Net: NetName=NetC13_2 Pin=C13-2
Added Pin To Net: NetName=NetC13_2 Pin=C14-1
Added Pin To Net: NetName=NetC14_2 Pin=C14-2
Added Pin To Net: NetName=NetC15_1 Pin=C15-1
Added Pin To Net: NetName=NetC15_2 Pin=C15-2
Added Pin To Net: NetName=NetC15_1 Pin=C16-1
Added Pin To Net: NetName=NetC15_2 Pin=C16-2
Added Pin To Net: NetName=NetC17_1 Pin=C17-1
Added Pin To Net: NetName=NetC17_2 Pin=C17-2
Added Pin To Net: NetName=NetC18_1 Pin=C18-1
Added Pin To Net: NetName=NetC18_2 Pin=C18-2
Added Pin To Net: NetName=NetC19_1 Pin=C19-1
Added Pin To Net: NetName=NetC19_2 Pin=C19-2
Added Pin To Net: NetName=Masse Pin=C20-1
Added Pin To Net: NetName=A04 Pin=C20-2
Added Pin To Net: NetName=A07 Pin=C21-1
Added Pin To Net: NetName=Masse Pin=C21-2
Added Pin To Net: NetName=NetC17_1 Pin=C22-1
Added Pin To Net: NetName=NetC17_2 Pin=C22-2
Added Pin To Net: NetName=NetC15_2 Pin=C23-1
Added Pin To Net: NetName=NetC23_2 Pin=C23-2
Added Pin To Net: NetName=Masse Pin=C24-1
Added Pin To Net: NetName=NetC24_2 Pin=C24-2
Added Pin To Net: NetName=Masse Pin=C25-1
Added Pin To Net: NetName=NetC25_2 Pin=C25-2
Added Pin To Net: NetName=Masse Pin=C26-1
Added Pin To Net: NetName=NetC26_2 Pin=C26-2
Added Pin To Net: NetName=Masse Pin=C27-1
Added Pin To Net: NetName=+18V Pin=C27-2
Added Pin To Net: NetName=Masse Pin=C28-1
Added Pin To Net: NetName=-18V Pin=C28-2
Added Pin To Net: NetName=Masse Pin=C29-1
Added Pin To Net: NetName=+18V Pin=C29-2
Added Pin To Net: NetName=Masse Pin=C30-1
Added Pin To Net: NetName=-18V Pin=C30-2
Added Pin To Net: NetName=Masse Pin=C31-1
Added Pin To Net: NetName=+18V Pin=C31-2
Added Pin To Net: NetName=Masse Pin=C32-1
Added Pin To Net: NetName=-18V Pin=C32-2
Added Pin To Net: NetName=Masse Pin=C33-1
Added Pin To Net: NetName=+18V Pin=C33-2
Added Pin To Net: NetName=Masse Pin=C34-1
Added Pin To Net: NetName=-18V Pin=C34-2
Added Pin To Net: NetName=Masse Pin=C35-1
Added Pin To Net: NetName=NetC35_2 Pin=C35-2
Added Pin To Net: NetName=Masse Pin=C36-1
Added Pin To Net: NetName=+18V Pin=C36-2
Added Pin To Net: NetName=Masse Pin=C37-1
Added Pin To Net: NetName=-18V Pin=C37-2
Added Pin To Net: NetName=NetC38_1 Pin=C38-1
Added Pin To Net: NetName=A05 Pin=C38-2
Added Pin To Net: NetName=Masse Pin=C39-1
Added Pin To Net: NetName=+18V Pin=C39-2
Added Pin To Net: NetName=Masse Pin=C40-1
Added Pin To Net: NetName=-18V Pin=C40-2
Added Pin To Net: NetName=NetC41_1 Pin=C41-1
Added Pin To Net: NetName=NetC41_2 Pin=C41-2
Added Pin To Net: NetName=-18V Pin=C42-1
Added Pin To Net: NetName=Masse Pin=C42-2
Added Pin To Net: NetName=NetC24_2 Pin=D1-1
Added Pin To Net: NetName=+18V Pin=D1-2
Added Pin To Net: NetName=-18V Pin=D2-1
Added Pin To Net: NetName=NetC35_2 Pin=D2-2
Added Pin To Net: NetName=+18V Pin=D3-1
Added Pin To Net: NetName=Masse Pin=D3-2
Added Pin To Net: NetName=Masse Pin=D4-1
Added Pin To Net: NetName=-18V Pin=D4-2
Added Pin To Net: NetName=Masse Pin=J1-1
Added Pin To Net: NetName=Heiﬂ Pin=J1-2
Added Pin To Net: NetName=Kalt Pin=J1-3
Added Pin To Net: NetName=NetC6_2 Pin=J2-01
Added Pin To Net: NetName=NetC13_1 Pin=J2-02
Added Pin To Net: NetName=NetC12_2 Pin=J3-01
Added Pin To Net: NetName=NetJ3_02 Pin=J3-02
Added Pin To Net: NetName=A05 Pin=J4-01
Added Pin To Net: NetName=NetJ4_02 Pin=J4-02
Added Pin To Net: NetName=NetC41_2 Pin=J5-01
Added Pin To Net: NetName=NetJ5_02 Pin=J5-02
Added Pin To Net: NetName=NetJ6_01 Pin=J6-01
Added Pin To Net: NetName=NetJ6_02 Pin=J6-02
Added Pin To Net: NetName=NetC23_2 Pin=J7-01
Added Pin To Net: NetName=NetJ7_02 Pin=J7-02
Added Pin To Net: NetName=Aux01 Pin=J8-1
Added Pin To Net: NetName=Aux01 Pin=J8-2
Added Pin To Net: NetName=Aux02 Pin=J8-3
Added Pin To Net: NetName=Aux02 Pin=J8-4
Added Pin To Net: NetName=Out Pin=J8-5
Added Pin To Net: NetName=Out Pin=J8-6
Added Pin To Net: NetName=NetC35_2 Pin=J8-7
Added Pin To Net: NetName=NetC35_2 Pin=J8-8
Added Pin To Net: NetName=Masse Pin=J8-9
Added Pin To Net: NetName=Masse Pin=J8-10
Added Pin To Net: NetName=Masse Pin=J8-11
Added Pin To Net: NetName=Masse Pin=J8-12
Added Pin To Net: NetName=NetC24_2 Pin=J8-13
Added Pin To Net: NetName=NetC24_2 Pin=J8-14
Added Pin To Net: NetName=NetQ1_1 Pin=Q1-1
Added Pin To Net: NetName=NetC3_2 Pin=Q1-2
Added Pin To Net: NetName=NetC2_1 Pin=Q1-3
Added Pin To Net: NetName=NetQ2_1 Pin=Q2-1
Added Pin To Net: NetName=NetC3_2 Pin=Q2-2
Added Pin To Net: NetName=NetC2_1 Pin=Q2-3
Added Pin To Net: NetName=NetQ3_1 Pin=Q3-1
Added Pin To Net: NetName=NetC3_2 Pin=Q3-2
Added Pin To Net: NetName=NetC2_1 Pin=Q3-3
Added Pin To Net: NetName=NetQ4_1 Pin=Q4-1
Added Pin To Net: NetName=NetC8_2 Pin=Q4-2
Added Pin To Net: NetName=NetC5_1 Pin=Q4-3
Added Pin To Net: NetName=NetQ5_1 Pin=Q5-1
Added Pin To Net: NetName=NetC8_2 Pin=Q5-2
Added Pin To Net: NetName=NetC5_1 Pin=Q5-3
Added Pin To Net: NetName=NetQ6_1 Pin=Q6-1
Added Pin To Net: NetName=NetC8_2 Pin=Q6-2
Added Pin To Net: NetName=NetC5_1 Pin=Q6-3
Added Pin To Net: NetName=+18V Pin=R1-1
Added Pin To Net: NetName=NetC1_2 Pin=R1-2
Added Pin To Net: NetName=NetC1_2 Pin=R2-1
Added Pin To Net: NetName=NetQ3_1 Pin=R2-2
Added Pin To Net: NetName=NetC1_2 Pin=R3-1
Added Pin To Net: NetName=NetQ2_1 Pin=R3-2
Added Pin To Net: NetName=NetC1_2 Pin=R4-1
Added Pin To Net: NetName=NetQ1_1 Pin=R4-2
Added Pin To Net: NetName=NetC6_1 Pin=R5-1
Added Pin To Net: NetName=NetC3_1 Pin=R5-2
Added Pin To Net: NetName=Masse Pin=R6-1
Added Pin To Net: NetName=NetC2_1 Pin=R6-2
Added Pin To Net: NetName=-18V Pin=R7-1
Added Pin To Net: NetName=NetC3_2 Pin=R7-2
Added Pin To Net: NetName=NetR8_1 Pin=R8-1
Added Pin To Net: NetName=NetC1_1 Pin=R8-2
Added Pin To Net: NetName=NetC1_1 Pin=R8-3
Added Pin To Net: NetName=NetC5_1 Pin=R9-1
Added Pin To Net: NetName=NetC2_1 Pin=R9-2
Added Pin To Net: NetName=NetC8_2 Pin=R10-1
Added Pin To Net: NetName=-18V Pin=R10-2
Added Pin To Net: NetName=NetR11_1 Pin=R11-1
Added Pin To Net: NetName=NetR8_1 Pin=R11-2
Added Pin To Net: NetName=NetC5_1 Pin=R12-1
Added Pin To Net: NetName=Masse Pin=R12-2
Added Pin To Net: NetName=Masse Pin=R13-1
Added Pin To Net: NetName=NetC6_2 Pin=R13-2
Added Pin To Net: NetName=Masse Pin=R14-1
Added Pin To Net: NetName=NetC8_1 Pin=R14-2
Added Pin To Net: NetName=NetR11_1 Pin=R15-1
Added Pin To Net: NetName=NetQ4_1 Pin=R15-2
Added Pin To Net: NetName=NetR11_1 Pin=R16-1
Added Pin To Net: NetName=NetQ6_1 Pin=R16-2
Added Pin To Net: NetName=NetR11_1 Pin=R17-1
Added Pin To Net: NetName=NetQ5_1 Pin=R17-2
Added Pin To Net: NetName=+18V Pin=R18-1
Added Pin To Net: NetName=NetR11_1 Pin=R18-2
Added Pin To Net: NetName=NetC13_2 Pin=R19-1
Added Pin To Net: NetName=NetC10_1 Pin=R19-2
Added Pin To Net: NetName=NetC10_2 Pin=R20-1
Added Pin To Net: NetName=NetJ6_01 Pin=R20-2
Added Pin To Net: NetName=NetR21_1 Pin=R21-1
Added Pin To Net: NetName=NetC14_2 Pin=R21-2
Added Pin To Net: NetName=NetR22_1 Pin=R22-1
Added Pin To Net: NetName=NetC11_2 Pin=R22-2
Added Pin To Net: NetName=Masse Pin=R23-1
Added Pin To Net: NetName=NetC12_2 Pin=R23-2
Added Pin To Net: NetName=Masse Pin=R24-1
Added Pin To Net: NetName=NetR21_1 Pin=R24-2
Added Pin To Net: NetName=Masse Pin=R25-1
Added Pin To Net: NetName=NetR22_1 Pin=R25-2
Added Pin To Net: NetName=NetC15_1 Pin=R26-1
Added Pin To Net: NetName=NetC17_2 Pin=R26-2
Added Pin To Net: NetName=NetJ3_02 Pin=R27-1
Added Pin To Net: NetName=A03 Pin=R27-2
Added Pin To Net: NetName=NetC38_1 Pin=R27-3
Added Pin To Net: NetName=NetJ3_02 Pin=R28-1
Added Pin To Net: NetName=NetR28_2 Pin=R28-2
Added Pin To Net: NetName=NetR28_2 Pin=R29-1
Added Pin To Net: NetName=NetC38_1 Pin=R29-2
Added Pin To Net: NetName=NetC18_2 Pin=R30-1
Added Pin To Net: NetName=NetR30_2 Pin=R30-2
Added Pin To Net: NetName=NetR31_1 Pin=R31-1
Added Pin To Net: NetName=NetC19_1 Pin=R31-2
Added Pin To Net: NetName=A04 Pin=R32-1
Added Pin To Net: NetName=A04 Pin=R32-2
Added Pin To Net: NetName=NetR30_2 Pin=R32-3
Added Pin To Net: NetName=A07 Pin=R33-1
Added Pin To Net: NetName=A07 Pin=R33-2
Added Pin To Net: NetName=NetR31_1 Pin=R33-3
Added Pin To Net: NetName=Masse Pin=R34-1
Added Pin To Net: NetName=NetR34_2 Pin=R34-2
Added Pin To Net: NetName=A04 Pin=R35-1
Added Pin To Net: NetName=A04 Pin=R35-2
Added Pin To Net: NetName=NetR34_2 Pin=R35-3
Added Pin To Net: NetName=NetR36_1 Pin=R36-1
Added Pin To Net: NetName=Masse Pin=R36-2
Added Pin To Net: NetName=A07 Pin=R37-1
Added Pin To Net: NetName=A07 Pin=R37-2
Added Pin To Net: NetName=NetR36_1 Pin=R37-3
Added Pin To Net: NetName=NetJ4_02 Pin=R38-1
Added Pin To Net: NetName=A06 Pin=R38-2
Added Pin To Net: NetName=NetC41_1 Pin=R38-3
Added Pin To Net: NetName=NetJ4_02 Pin=R39-1
Added Pin To Net: NetName=NetR39_2 Pin=R39-2
Added Pin To Net: NetName=NetR39_2 Pin=R40-1
Added Pin To Net: NetName=NetC41_1 Pin=R40-2
Added Pin To Net: NetName=NetC25_2 Pin=R41-1
Added Pin To Net: NetName=NetC15_1 Pin=R41-2
Added Pin To Net: NetName=NetC17_1 Pin=R42-1
Added Pin To Net: NetName=NetJ5_02 Pin=R42-2
Added Pin To Net: NetName=NetC26_2 Pin=R43-1
Added Pin To Net: NetName=NetC17_1 Pin=R43-2
Added Pin To Net: NetName=Masse Pin=R44-1
Added Pin To Net: NetName=A05 Pin=R44-2
Added Pin To Net: NetName=Masse Pin=R45-1
Added Pin To Net: NetName=NetC41_2 Pin=R45-2
Added Pin To Net: NetName=Masse Pin=R46-1
Added Pin To Net: NetName=NetC23_2 Pin=R46-2
Added Pin To Net: NetName=NetR47_1 Pin=R47-1
Added Pin To Net: NetName=NetR47_2 Pin=R47-2
Added Pin To Net: NetName=NetR47_2 Pin=R48-1
Added Pin To Net: NetName=Aux01 Pin=R48-2
Added Pin To Net: NetName=NetR47_1 Pin=R49-1
Added Pin To Net: NetName=NetR49_2 Pin=R49-2
Added Pin To Net: NetName=NetR49_2 Pin=R49-3
Added Pin To Net: NetName=NetR49_2 Pin=R50-1
Added Pin To Net: NetName=NetR50_2 Pin=R50-2
Added Pin To Net: NetName=Masse Pin=R51-1
Added Pin To Net: NetName=NetR50_2 Pin=R51-2
Added Pin To Net: NetName=NetR52_1 Pin=R52-1
Added Pin To Net: NetName=NetR52_2 Pin=R52-2
Added Pin To Net: NetName=NetR52_2 Pin=R53-1
Added Pin To Net: NetName=Aux02 Pin=R53-2
Added Pin To Net: NetName=NetR52_1 Pin=R54-1
Added Pin To Net: NetName=NetR54_2 Pin=R54-2
Added Pin To Net: NetName=NetR54_2 Pin=R54-3
Added Pin To Net: NetName=NetR54_2 Pin=R55-1
Added Pin To Net: NetName=NetR55_2 Pin=R55-2
Added Pin To Net: NetName=Masse Pin=R56-1
Added Pin To Net: NetName=NetR55_2 Pin=R56-2
Added Pin To Net: NetName=NetR57_1 Pin=R57-1
Added Pin To Net: NetName=NetR57_2 Pin=R57-2
Added Pin To Net: NetName=NetR57_2 Pin=R58-1
Added Pin To Net: NetName=Out Pin=R58-2
Added Pin To Net: NetName=NetR57_1 Pin=R59-1
Added Pin To Net: NetName=NetR59_2 Pin=R59-2
Added Pin To Net: NetName=NetR59_2 Pin=R59-3
Added Pin To Net: NetName=NetR59_2 Pin=R60-1
Added Pin To Net: NetName=NetR60_2 Pin=R60-2
Added Pin To Net: NetName=Masse Pin=R61-1
Added Pin To Net: NetName=NetR60_2 Pin=R61-2
Added Pin To Net: NetName=NetR49_2 Pin=S1-2
Added Pin To Net: NetName=NetR47_1 Pin=S1-3
Added Pin To Net: NetName=NetR54_2 Pin=S2-2
Added Pin To Net: NetName=NetR52_1 Pin=S2-3
Added Pin To Net: NetName=NetR59_2 Pin=S3-2
Added Pin To Net: NetName=NetR57_1 Pin=S3-3
Added Pin To Net: NetName=NetC6_1 Pin=U1-1
Added Pin To Net: NetName=NetC3_1 Pin=U1-2
Added Pin To Net: NetName=NetC8_1 Pin=U1-3
Added Pin To Net: NetName=+18V Pin=U1-4
Added Pin To Net: NetName=NetC14_2 Pin=U1-5
Added Pin To Net: NetName=NetC10_1 Pin=U1-6
Added Pin To Net: NetName=NetC10_1 Pin=U1-7
Added Pin To Net: NetName=NetJ6_01 Pin=U1-8
Added Pin To Net: NetName=NetJ6_01 Pin=U1-9
Added Pin To Net: NetName=NetC11_2 Pin=U1-10
Added Pin To Net: NetName=-18V Pin=U1-11
Added Pin To Net: NetName=NetJ6_02 Pin=U1-12
Added Pin To Net: NetName=NetC12_1 Pin=U1-13
Added Pin To Net: NetName=NetC12_1 Pin=U1-14
Added Pin To Net: NetName=NetC18_1 Pin=U2-1
Added Pin To Net: NetName=NetC18_1 Pin=U2-2
Added Pin To Net: NetName=A03 Pin=U2-3
Added Pin To Net: NetName=+18V Pin=U2-4
Added Pin To Net: NetName=A04 Pin=U2-5
Added Pin To Net: NetName=NetR28_2 Pin=U2-6
Added Pin To Net: NetName=NetC38_1 Pin=U2-7
Added Pin To Net: NetName=NetC19_2 Pin=U2-8
Added Pin To Net: NetName=NetC19_2 Pin=U2-9
Added Pin To Net: NetName=A06 Pin=U2-10
Added Pin To Net: NetName=-18V Pin=U2-11
Added Pin To Net: NetName=A07 Pin=U2-12
Added Pin To Net: NetName=NetR39_2 Pin=U2-13
Added Pin To Net: NetName=NetC41_1 Pin=U2-14
Added Pin To Net: NetName=NetC17_2 Pin=U3-1
Added Pin To Net: NetName=NetC17_2 Pin=U3-2
Added Pin To Net: NetName=NetC26_2 Pin=U3-3
Added Pin To Net: NetName=+18V Pin=U3-4
Added Pin To Net: NetName=NetC25_2 Pin=U3-5
Added Pin To Net: NetName=NetC15_2 Pin=U3-6
Added Pin To Net: NetName=NetC15_2 Pin=U3-7
Added Pin To Net: NetName=NetR47_1 Pin=U3-8
Added Pin To Net: NetName=NetR49_2 Pin=U3-9
Added Pin To Net: NetName=NetJ7_02 Pin=U3-10
Added Pin To Net: NetName=-18V Pin=U3-11
Added Pin To Net: NetName=NetR50_2 Pin=U3-12
Added Pin To Net: NetName=NetR47_2 Pin=U3-13
Added Pin To Net: NetName=Aux01 Pin=U3-14
Added Pin To Net: NetName=NetR52_1 Pin=U4-1
Added Pin To Net: NetName=NetR54_2 Pin=U4-2
Added Pin To Net: NetName=NetJ7_02 Pin=U4-3
Added Pin To Net: NetName=+18V Pin=U4-4
Added Pin To Net: NetName=NetR55_2 Pin=U4-5
Added Pin To Net: NetName=NetR52_2 Pin=U4-6
Added Pin To Net: NetName=Aux02 Pin=U4-7
Added Pin To Net: NetName=NetR57_1 Pin=U4-8
Added Pin To Net: NetName=NetR59_2 Pin=U4-9
Added Pin To Net: NetName=NetJ7_02 Pin=U4-10
Added Pin To Net: NetName=-18V Pin=U4-11
Added Pin To Net: NetName=NetR60_2 Pin=U4-12
Added Pin To Net: NetName=NetR57_2 Pin=U4-13
Added Pin To Net: NetName=Out Pin=U4-14
Added Pin To Net: NetName=NetC24_2 Pin=U5-1
Added Pin To Net: NetName=Masse Pin=U5-2
Added Pin To Net: NetName=+18V Pin=U5-3
Added Pin To Net: NetName=Masse Pin=U6-1
Added Pin To Net: NetName=NetC35_2 Pin=U6-2
Added Pin To Net: NetName=-18V Pin=U6-3
Added Member To Class: ClassName=Mic_Eingangsstufe Member=Component C1 100uF
Added Member To Class: ClassName=Mic_Eingangsstufe Member=Component C2 47uF
Added Member To Class: ClassName=Mic_Eingangsstufe Member=Component C3 47uF
Added Member To Class: ClassName=Mic_Eingangsstufe Member=Component C4 47uF
Added Member To Class: ClassName=Mic_Eingangsstufe Member=Component C5 47uF
Added Member To Class: ClassName=Mic_Eingangsstufe Member=Component C6 47uF
Added Member To Class: ClassName=Mic_Eingangsstufe Member=Component C7 47uF
Added Member To Class: ClassName=Mic_Eingangsstufe Member=Component C8 47uF
Added Member To Class: ClassName=Mic_Eingangsstufe Member=Component C9 47uF
Added Member To Class: ClassName=Linkwitz_Riley Member=Component C10 47uF
Added Member To Class: ClassName=Linkwitz_Riley Member=Component C11 47uF
Added Member To Class: ClassName=Linkwitz_Riley Member=Component C12 47uF
Added Member To Class: ClassName=Linkwitz_Riley Member=Component C13 47uF
Added Member To Class: ClassName=Linkwitz_Riley Member=Component C14 47uF
Added Member To Class: ClassName=Linkwitz_Riley Member=Component C15 47uF
Added Member To Class: ClassName=Linkwitz_Riley Member=Component C16 47uF
Added Member To Class: ClassName=Linkwitz_Riley Member=Component C17 47uF
Added Member To Class: ClassName=Parametrischer_EQ Member=Component C18 47uF
Added Member To Class: ClassName=Parametrischer_EQ Member=Component C19 47uF
Added Member To Class: ClassName=Parametrischer_EQ Member=Component C20 47uF
Added Member To Class: ClassName=Parametrischer_EQ Member=Component C21 47uF
Added Member To Class: ClassName=Linkwitz_Riley Member=Component C22 47uF
Added Member To Class: ClassName=Linkwitz_Riley Member=Component C23 47uF
Added Member To Class: ClassName=Parametrischer_EQ Member=Component C24 47uF
Added Member To Class: ClassName=Linkwitz_Riley Member=Component C25 47uF
Added Member To Class: ClassName=Linkwitz_Riley Member=Component C26 47uF
Added Member To Class: ClassName=Linkwitz_Riley Member=Component C27 47uF
Added Member To Class: ClassName=Linkwitz_Riley Member=Component C28 47uF
Added Member To Class: ClassName=Linkwitz_Riley Member=Component C29 47uF
Added Member To Class: ClassName=Linkwitz_Riley Member=Component C30 47uF
Added Member To Class: ClassName=Linkwitz_Riley Member=Component C31 47uF
Added Member To Class: ClassName=Linkwitz_Riley Member=Component C32 47uF
Added Member To Class: ClassName=Linkwitz_Riley Member=Component C33 47uF
Added Member To Class: ClassName=Linkwitz_Riley Member=Component C34 47uF
Added Member To Class: ClassName=Parametrischer_EQ Member=Component C35 47uF
Added Member To Class: ClassName=Parametrischer_EQ Member=Component C36 47uF
Added Member To Class: ClassName=Parametrischer_EQ Member=Component C37 47uF
Added Member To Class: ClassName=Parametrischer_EQ Member=Component C38 47uF
Added Member To Class: ClassName=Linkwitz_Riley Member=Component C39 47uF
Added Member To Class: ClassName=Linkwitz_Riley Member=Component C40 47uF
Added Member To Class: ClassName=Parametrischer_EQ Member=Component C41 47uF
Added Member To Class: ClassName=Parametrischer_EQ Member=Component C42 47uF
Added Member To Class: ClassName=Parametrischer_EQ Member=Component D1 1N4001 Diode
Added Member To Class: ClassName=Parametrischer_EQ Member=Component D2 1N4001 Diode
Added Member To Class: ClassName=Parametrischer_EQ Member=Component D3 1N4001 Diode
Added Member To Class: ClassName=Parametrischer_EQ Member=Component D4 1N4001 Diode
Added Member To Class: ClassName=Mic_Eingangsstufe Member=Component J1 Connector x3
Added Member To Class: ClassName=Linkwitz_Riley Member=Component J2 Connector x2
Added Member To Class: ClassName=Parametrischer_EQ Member=Component J3 Connector x2
Added Member To Class: ClassName=Parametrischer_EQ Member=Component J4 Connector x2
Added Member To Class: ClassName=Parametrischer_EQ Member=Component J5 Connector x2
Added Member To Class: ClassName=Linkwitz_Riley Member=Component J6 Connector x2
Added Member To Class: ClassName=Linkwitz_Riley Member=Component J7 Connector x2
Added Member To Class: ClassName=AUX_Stufe Member=Component J8 Connector x14
Added Member To Class: ClassName=Mic_Eingangsstufe Member=Component Q1 PNP
Added Member To Class: ClassName=Mic_Eingangsstufe Member=Component Q2 PNP
Added Member To Class: ClassName=Mic_Eingangsstufe Member=Component Q3 PNP
Added Member To Class: ClassName=Mic_Eingangsstufe Member=Component Q4 PNP
Added Member To Class: ClassName=Mic_Eingangsstufe Member=Component Q5 PNP
Added Member To Class: ClassName=Mic_Eingangsstufe Member=Component Q6 PNP
Added Member To Class: ClassName=Mic_Eingangsstufe Member=Component R1 100k
Added Member To Class: ClassName=Mic_Eingangsstufe Member=Component R2 100k
Added Member To Class: ClassName=Mic_Eingangsstufe Member=Component R3 100k
Added Member To Class: ClassName=Mic_Eingangsstufe Member=Component R4 100k
Added Member To Class: ClassName=Mic_Eingangsstufe Member=Component R5 100k
Added Member To Class: ClassName=Mic_Eingangsstufe Member=Component R6 100k
Added Member To Class: ClassName=Mic_Eingangsstufe Member=Component R7 100k
Added Member To Class: ClassName=Mic_Eingangsstufe Member=Component R8 10k log
Added Member To Class: ClassName=Mic_Eingangsstufe Member=Component R9 100k
Added Member To Class: ClassName=Mic_Eingangsstufe Member=Component R10 100k
Added Member To Class: ClassName=Mic_Eingangsstufe Member=Component R11 100k
Added Member To Class: ClassName=Mic_Eingangsstufe Member=Component R12 100k
Added Member To Class: ClassName=Mic_Eingangsstufe Member=Component R13 100k
Added Member To Class: ClassName=Mic_Eingangsstufe Member=Component R14 100k
Added Member To Class: ClassName=Mic_Eingangsstufe Member=Component R15 100k
Added Member To Class: ClassName=Mic_Eingangsstufe Member=Component R16 100k
Added Member To Class: ClassName=Mic_Eingangsstufe Member=Component R17 100k
Added Member To Class: ClassName=Mic_Eingangsstufe Member=Component R18 100k
Added Member To Class: ClassName=Linkwitz_Riley Member=Component R19 100k
Added Member To Class: ClassName=Linkwitz_Riley Member=Component R20 100k
Added Member To Class: ClassName=Linkwitz_Riley Member=Component R21 100k
Added Member To Class: ClassName=Linkwitz_Riley Member=Component R22 100k
Added Member To Class: ClassName=Linkwitz_Riley Member=Component R23 100k
Added Member To Class: ClassName=Linkwitz_Riley Member=Component R24 100k
Added Member To Class: ClassName=Linkwitz_Riley Member=Component R25 100k
Added Member To Class: ClassName=Linkwitz_Riley Member=Component R26 100k
Added Member To Class: ClassName=Parametrischer_EQ Member=Component R27 10k log
Added Member To Class: ClassName=Parametrischer_EQ Member=Component R28 100k
Added Member To Class: ClassName=Parametrischer_EQ Member=Component R29 100k
Added Member To Class: ClassName=Parametrischer_EQ Member=Component R30 100k
Added Member To Class: ClassName=Parametrischer_EQ Member=Component R31 100k
Added Member To Class: ClassName=Parametrischer_EQ Member=Component R32 10k log
Added Member To Class: ClassName=Parametrischer_EQ Member=Component R33 10k log
Added Member To Class: ClassName=Parametrischer_EQ Member=Component R34 100k
Added Member To Class: ClassName=Parametrischer_EQ Member=Component R35 10k log
Added Member To Class: ClassName=Parametrischer_EQ Member=Component R36 100k
Added Member To Class: ClassName=Parametrischer_EQ Member=Component R37 10k log
Added Member To Class: ClassName=Parametrischer_EQ Member=Component R38 10k log
Added Member To Class: ClassName=Parametrischer_EQ Member=Component R39 100k
Added Member To Class: ClassName=Parametrischer_EQ Member=Component R40 100k
Added Member To Class: ClassName=Linkwitz_Riley Member=Component R41 100k
Added Member To Class: ClassName=Linkwitz_Riley Member=Component R42 100k
Added Member To Class: ClassName=Linkwitz_Riley Member=Component R43 100k
Added Member To Class: ClassName=Parametrischer_EQ Member=Component R44 100k
Added Member To Class: ClassName=Parametrischer_EQ Member=Component R45 100k
Added Member To Class: ClassName=Linkwitz_Riley Member=Component R46 100k
Added Member To Class: ClassName=AUX_Stufe Member=Component R47 100k
Added Member To Class: ClassName=AUX_Stufe Member=Component R48 100k
Added Member To Class: ClassName=AUX_Stufe Member=Component R49 10k log
Added Member To Class: ClassName=AUX_Stufe Member=Component R50 100k
Added Member To Class: ClassName=AUX_Stufe Member=Component R51 100k
Added Member To Class: ClassName=AUX_Stufe Member=Component R52 100k
Added Member To Class: ClassName=AUX_Stufe Member=Component R53 100k
Added Member To Class: ClassName=AUX_Stufe Member=Component R54 10k log
Added Member To Class: ClassName=AUX_Stufe Member=Component R55 100k
Added Member To Class: ClassName=AUX_Stufe Member=Component R56 100k
Added Member To Class: ClassName=AUX_Stufe Member=Component R57 100k
Added Member To Class: ClassName=AUX_Stufe Member=Component R58 100k
Added Member To Class: ClassName=AUX_Stufe Member=Component R59 10k log
Added Member To Class: ClassName=AUX_Stufe Member=Component R60 100k
Added Member To Class: ClassName=AUX_Stufe Member=Component R61 100k
Added Member To Class: ClassName=AUX_Stufe Member=Component S1 Schalter Buchsenleiste
Added Member To Class: ClassName=AUX_Stufe Member=Component S2 Schalter Buchsenleiste
Added Member To Class: ClassName=AUX_Stufe Member=Component S3 Schalter Buchsenleiste
Added Member To Class: ClassName=Mic_Eingangsstufe Member=Component U1 OPA4134UA
Added Member To Class: ClassName=Parametrischer_EQ Member=Component U2 OPA4134UA
Added Member To Class: ClassName=Linkwitz_Riley Member=Component U3 OPA4134UA
Added Member To Class: ClassName=AUX_Stufe Member=Component U4 OPA4134UA
Added Member To Class: ClassName=Parametrischer_EQ Member=Component U5 7818
Added Member To Class: ClassName=Parametrischer_EQ Member=Component U6 7818
Added Room: Name=AUX_Stufe
Added Room: Name=Linkwitz_Riley
Added Room: Name=Mic_Eingangsstufe
Added Room: Name=Parametrischer_EQ
