Removed Member From Class: ClassName=AUX_Stufe Member=R24
Removed Member From Class: ClassName=AUX_Stufe Member=R25
Change Component DesignItemId : Designator=Q1 Old DesignItemId=TO-92 PNP_Buchsenleiste New DesignItemId=TO-92 PNP Buchsenleiste
Change Component DesignItemId : Designator=Q2 Old DesignItemId=TO-92 PNP_Buchsenleiste New DesignItemId=TO-92 PNP Buchsenleiste
Change Component DesignItemId : Designator=Q3 Old DesignItemId=TO-92 PNP_Buchsenleiste New DesignItemId=TO-92 PNP Buchsenleiste
Change Component DesignItemId : Designator=Q4 Old DesignItemId=TO-92 PNP_Buchsenleiste New DesignItemId=TO-92 PNP Buchsenleiste
Change Component DesignItemId : Designator=Q5 Old DesignItemId=TO-92 PNP_Buchsenleiste New DesignItemId=TO-92 PNP Buchsenleiste
Change Component DesignItemId : Designator=Q6 Old DesignItemId=TO-92 PNP_Buchsenleiste New DesignItemId=TO-92 PNP Buchsenleiste
Change Component Footprint: Designator=Q1 Old Footprint=Buchsenleiste 3 Fach New Footprint=Buchsenleiste 3 Fach PNP TO92
Change Component Footprint: Designator=Q2 Old Footprint=Buchsenleiste 3 Fach New Footprint=Buchsenleiste 3 Fach PNP TO92
Change Component Footprint: Designator=Q3 Old Footprint=Buchsenleiste 3 Fach New Footprint=Buchsenleiste 3 Fach PNP TO92
Change Component Footprint: Designator=Q4 Old Footprint=Buchsenleiste 3 Fach New Footprint=Buchsenleiste 3 Fach PNP TO92
Change Component Footprint: Designator=Q5 Old Footprint=Buchsenleiste 3 Fach New Footprint=Buchsenleiste 3 Fach PNP TO92
Change Component Footprint: Designator=Q6 Old Footprint=Buchsenleiste 3 Fach New Footprint=Buchsenleiste 3 Fach PNP TO92
Added Member To Class: ClassName=Mic_Eingangsstufe Member=Component C1 100uF
Added Member To Class: ClassName=Mic_Eingangsstufe Member=Component C3 47uF
Added Member To Class: ClassName=Mic_Eingangsstufe Member=Component C4 47uF
Added Member To Class: ClassName=Mic_Eingangsstufe Member=Component C9 47uF
Added Member To Class: ClassName=Linkwitz_Riley Member=Component C11 47uF
Added Member To Class: ClassName=Linkwitz_Riley Member=Component C12 47uF
Added Member To Class: ClassName=Linkwitz_Riley Member=Component C13 47uF
Added Member To Class: ClassName=Linkwitz_Riley Member=Component C14 47uF
Added Member To Class: ClassName=Linkwitz_Riley Member=Component C17 47uF
Added Member To Class: ClassName=Linkwitz_Riley Member=Component C22 47uF
Added Member To Class: ClassName=Linkwitz_Riley Member=Component C27 47uF
Added Member To Class: ClassName=Linkwitz_Riley Member=Component C28 47uF
Added Member To Class: ClassName=Linkwitz_Riley Member=Component C29 47uF
Added Member To Class: ClassName=Linkwitz_Riley Member=Component C30 47uF
Added Member To Class: ClassName=Linkwitz_Riley Member=Component C31 47uF
Added Member To Class: ClassName=Linkwitz_Riley Member=Component C32 47uF
Added Member To Class: ClassName=Linkwitz_Riley Member=Component C33 47uF
Added Member To Class: ClassName=Linkwitz_Riley Member=Component C34 47uF
Added Member To Class: ClassName=Parametrischer_EQ Member=Component J5 Connector x2
Added Member To Class: ClassName=Linkwitz_Riley Member=Component J6 Connector x2
Added Member To Class: ClassName=Mic_Eingangsstufe Member=Component Q2 PNP
Added Member To Class: ClassName=Mic_Eingangsstufe Member=Component Q3 PNP
Added Member To Class: ClassName=Mic_Eingangsstufe Member=Component Q4 PNP
Added Member To Class: ClassName=Mic_Eingangsstufe Member=Component Q6 PNP
Added Member To Class: ClassName=Mic_Eingangsstufe Member=Component R4 100k
Added Member To Class: ClassName=Mic_Eingangsstufe Member=Component R6 100k
Added Member To Class: ClassName=Mic_Eingangsstufe Member=Component R9 100k
Added Member To Class: ClassName=Mic_Eingangsstufe Member=Component R10 100k
Added Member To Class: ClassName=Mic_Eingangsstufe Member=Component R11 100k
Added Member To Class: ClassName=Mic_Eingangsstufe Member=Component R13 100k
Added Member To Class: ClassName=Mic_Eingangsstufe Member=Component R14 100k
Added Member To Class: ClassName=Mic_Eingangsstufe Member=Component R15 100k
Added Member To Class: ClassName=Mic_Eingangsstufe Member=Component R17 100k
Added Member To Class: ClassName=Mic_Eingangsstufe Member=Component R18 100k
Added Member To Class: ClassName=Linkwitz_Riley Member=Component R19 100k
Added Member To Class: ClassName=Linkwitz_Riley Member=Component R21 100k
Added Member To Class: ClassName=Linkwitz_Riley Member=Component R23 100k
Added Member To Class: ClassName=Linkwitz_Riley Member=Component R24 100k
Added Member To Class: ClassName=Linkwitz_Riley Member=Component R25 100k
Added Member To Class: ClassName=Linkwitz_Riley Member=Component R26 100k
Added Member To Class: ClassName=Linkwitz_Riley Member=Component R41 100k
Added Member To Class: ClassName=Linkwitz_Riley Member=Component R42 100k
Added Member To Class: ClassName=Linkwitz_Riley Member=Component R43 100k
Added Member To Class: ClassName=AUX_Stufe Member=Component R49 10k log
Added Member To Class: ClassName=AUX_Stufe Member=Component R54 10k log
Added Member To Class: ClassName=AUX_Stufe Member=Component R55 100k
Added Member To Class: ClassName=Parametrischer_EQ Member=Component U2 OPA4134UA
Added Member To Class: ClassName=Linkwitz_Riley Member=Component U3 OPA4134UA
