Removed Pin From Net: NetName=NetR55_2 Pin=U4-5
Removed Pin From Net: NetName=NetR52_2 Pin=U4-6
Removed Pin From Net: NetName=NetR53_2 Pin=U4-7
Removed Pin From Net: NetName=NetR57_1 Pin=U4-8
Removed Pin From Net: NetName=NetR59_2 Pin=U4-9
Removed Pin From Net: NetName=NetJ7_02 Pin=U4-10
Removed Pin From Net: NetName=NetR60_2 Pin=U4-12
Removed Pin From Net: NetName=NetR57_2 Pin=U4-13
Removed Pin From Net: NetName=NetR58_2 Pin=U4-14
Added Pin To Net: NetName=NetJ7_02 Pin=U4-5
Added Pin To Net: NetName=NetR59_2 Pin=U4-6
Added Pin To Net: NetName=NetR57_1 Pin=U4-7
Added Pin To Net: NetName=NetR58_2 Pin=U4-8
Added Pin To Net: NetName=NetR57_2 Pin=U4-9
Added Pin To Net: NetName=NetR60_2 Pin=U4-10
Added Pin To Net: NetName=NetR55_2 Pin=U4-12
Added Pin To Net: NetName=NetR52_2 Pin=U4-13
Added Pin To Net: NetName=NetR53_2 Pin=U4-14
Added Room: Name=AUX_Stufe
Added Room: Name=Linkwitz_Riley
Added Room: Name=Mic_Eingangsstufe
Added Room: Name=Parametrischer_EQ
