Change Physical Footprint: Designator=C1 Old Footprint=4141 Kondensator New Footprint=4141 Kondensator
Change Physical Footprint: Designator=C2 Old Footprint=2626 Kondensator New Footprint=2626 Kondensator
Change Physical Footprint: Designator=C3 Old Footprint=0805 New Footprint=0805
Change Physical Footprint: Designator=C4 Old Footprint=0805 New Footprint=0805
Change Physical Footprint: Designator=C5 Old Footprint=0805 New Footprint=0805
Change Physical Footprint: Designator=C6 Old Footprint=0805 New Footprint=0805
Change Physical Footprint: Designator=C7 Old Footprint=0805 New Footprint=0805
Change Physical Footprint: Designator=C8 Old Footprint=0805 New Footprint=0805
Change Physical Footprint: Designator=C9 Old Footprint=2626 Kondensator New Footprint=2626 Kondensator
Change Physical Footprint: Designator=C10 Old Footprint=0805 New Footprint=0805
Change Physical Footprint: Designator=C11 Old Footprint=0805 New Footprint=0805
Change Physical Footprint: Designator=C12 Old Footprint=0805 New Footprint=0805
Change Physical Footprint: Designator=C13 Old Footprint=0805 New Footprint=0805
Change Physical Footprint: Designator=C14 Old Footprint=0805 New Footprint=0805
Change Physical Footprint: Designator=C15 Old Footprint=0805 New Footprint=0805
Change Physical Footprint: Designator=C16 Old Footprint=0805 New Footprint=0805
Change Physical Footprint: Designator=C17 Old Footprint=0805 New Footprint=0805
Change Physical Footprint: Designator=C18 Old Footprint=0805 New Footprint=0805
Change Physical Footprint: Designator=C19 Old Footprint=0805 New Footprint=0805
Change Physical Footprint: Designator=C20 Old Footprint=0805 New Footprint=0805
Change Physical Footprint: Designator=C21 Old Footprint=0805 New Footprint=0805
Change Physical Footprint: Designator=C22 Old Footprint=0805 New Footprint=0805
Change Physical Footprint: Designator=C23 Old Footprint=0805 New Footprint=0805
Change Physical Footprint: Designator=C24 Old Footprint=0805 New Footprint=0805
Change Physical Footprint: Designator=C25 Old Footprint=0805 New Footprint=0805
Change Physical Footprint: Designator=C26 Old Footprint=0805 New Footprint=0805
Change Physical Footprint: Designator=C27 Old Footprint=0805 New Footprint=0805
Change Physical Footprint: Designator=C28 Old Footprint=0805 New Footprint=0805
Change Physical Footprint: Designator=C29 Old Footprint=0805 New Footprint=0805
Change Physical Footprint: Designator=C30 Old Footprint=0805 New Footprint=0805
Change Physical Footprint: Designator=C31 Old Footprint=0805 New Footprint=0805
Change Physical Footprint: Designator=C32 Old Footprint=0805 New Footprint=0805
Change Physical Footprint: Designator=C33 Old Footprint=0805 New Footprint=0805
Change Physical Footprint: Designator=C34 Old Footprint=0805 New Footprint=0805
Change Physical Footprint: Designator=C35 Old Footprint=0805 New Footprint=0805
Change Physical Footprint: Designator=C36 Old Footprint=0805 New Footprint=0805
Change Physical Footprint: Designator=C37 Old Footprint=0805 New Footprint=0805
Change Physical Footprint: Designator=C38 Old Footprint=0805 New Footprint=0805
Change Physical Footprint: Designator=C39 Old Footprint=0805 New Footprint=0805
Change Physical Footprint: Designator=C40 Old Footprint=0805 New Footprint=0805
Change Physical Footprint: Designator=C41 Old Footprint=0805 New Footprint=0805
Change Physical Footprint: Designator=C42 Old Footprint=0805 New Footprint=0805
Change Physical Footprint: Designator=C43 Old Footprint=0805 New Footprint=0805
Change Physical Footprint: Designator=C44 Old Footprint=0805 New Footprint=0805
Change Physical Footprint: Designator=C45 Old Footprint=0805 New Footprint=0805
Change Physical Footprint: Designator=D1 Old Footprint=1N4001 Diode New Footprint=1N4001 Diode
Change Physical Footprint: Designator=D2 Old Footprint=1N4001 Diode New Footprint=1N4001 Diode
Change Physical Footprint: Designator=D3 Old Footprint=1N4001 Diode New Footprint=1N4001 Diode
Change Physical Footprint: Designator=D4 Old Footprint=1N4001 Diode New Footprint=1N4001 Diode
Change Physical Footprint: Designator=J1 Old Footprint=Connector x3 New Footprint=Connector x3
Change Physical Footprint: Designator=J2 Old Footprint=Connector x2 New Footprint=Connector x2
Change Physical Footprint: Designator=J3 Old Footprint=Connector x2 New Footprint=Connector x2
Change Physical Footprint: Designator=J4 Old Footprint=Connector x2 New Footprint=Connector x2
Change Physical Footprint: Designator=J5 Old Footprint=Connector x2 New Footprint=Connector x2
Change Physical Footprint: Designator=J6 Old Footprint=Connector x2 New Footprint=Connector x2
Change Physical Footprint: Designator=J7 Old Footprint=Connector x2 New Footprint=Connector x2
Change Physical Footprint: Designator=J8 Old Footprint=Connector x14 New Footprint=Connector x14
Change Physical Footprint: Designator=Q1 Old Footprint=Buchsenleiste 3 Fach PNP TO92 New Footprint=Buchsenleiste 3 Fach PNP TO92
Change Physical Footprint: Designator=Q2 Old Footprint=Buchsenleiste 3 Fach PNP TO92 New Footprint=Buchsenleiste 3 Fach PNP TO92
Change Physical Footprint: Designator=Q3 Old Footprint=Buchsenleiste 3 Fach PNP TO92 New Footprint=Buchsenleiste 3 Fach PNP TO92
Change Physical Footprint: Designator=Q4 Old Footprint=Buchsenleiste 3 Fach PNP TO92 New Footprint=Buchsenleiste 3 Fach PNP TO92
Change Physical Footprint: Designator=Q5 Old Footprint=Buchsenleiste 3 Fach PNP TO92 New Footprint=Buchsenleiste 3 Fach PNP TO92
Change Physical Footprint: Designator=Q6 Old Footprint=Buchsenleiste 3 Fach PNP TO92 New Footprint=Buchsenleiste 3 Fach PNP TO92
Change Physical Footprint: Designator=R1 Old Footprint=0805 New Footprint=0805
Change Physical Footprint: Designator=R2 Old Footprint=0805 New Footprint=0805
Change Physical Footprint: Designator=R3 Old Footprint=0805 New Footprint=0805
Change Physical Footprint: Designator=R4 Old Footprint=0805 New Footprint=0805
Change Physical Footprint: Designator=R5 Old Footprint=0805 New Footprint=0805
Change Physical Footprint: Designator=R6 Old Footprint=0805 New Footprint=0805
Change Physical Footprint: Designator=R7 Old Footprint=0805 New Footprint=0805
Change Physical Footprint: Designator=R8 Old Footprint=Connector x3 New Footprint=Connector x3
Change Physical Footprint: Designator=R9 Old Footprint=0805 New Footprint=0805
Change Physical Footprint: Designator=R10 Old Footprint=0805 New Footprint=0805
Change Physical Footprint: Designator=R11 Old Footprint=0805 New Footprint=0805
Change Physical Footprint: Designator=R12 Old Footprint=0805 New Footprint=0805
Change Physical Footprint: Designator=R13 Old Footprint=0805 New Footprint=0805
Change Physical Footprint: Designator=R14 Old Footprint=0805 New Footprint=0805
Change Physical Footprint: Designator=R15 Old Footprint=0805 New Footprint=0805
Change Physical Footprint: Designator=R16 Old Footprint=0805 New Footprint=0805
Change Physical Footprint: Designator=R17 Old Footprint=0805 New Footprint=0805
Change Physical Footprint: Designator=R18 Old Footprint=0805 New Footprint=0805
Change Physical Footprint: Designator=R19 Old Footprint=0805 New Footprint=0805
Change Physical Footprint: Designator=R20 Old Footprint=0805 New Footprint=0805
Change Physical Footprint: Designator=R21 Old Footprint=0805 New Footprint=0805
Change Physical Footprint: Designator=R22 Old Footprint=0805 New Footprint=0805
Change Physical Footprint: Designator=R23 Old Footprint=0805 New Footprint=0805
Change Physical Footprint: Designator=R24 Old Footprint=0805 New Footprint=0805
Change Physical Footprint: Designator=R25 Old Footprint=0805 New Footprint=0805
Change Physical Footprint: Designator=R26 Old Footprint=0805 New Footprint=0805
Change Physical Footprint: Designator=R27 Old Footprint=Connector x3 New Footprint=Connector x3
Change Physical Footprint: Designator=R28 Old Footprint=0805 New Footprint=0805
Change Physical Footprint: Designator=R29 Old Footprint=0805 New Footprint=0805
Change Physical Footprint: Designator=R30 Old Footprint=0805 New Footprint=0805
Change Physical Footprint: Designator=R31 Old Footprint=0805 New Footprint=0805
Change Physical Footprint: Designator=R32 Old Footprint=Connector x3 New Footprint=Connector x3
Change Physical Footprint: Designator=R33 Old Footprint=Connector x3 New Footprint=Connector x3
Change Physical Footprint: Designator=R34 Old Footprint=0805 New Footprint=0805
Change Physical Footprint: Designator=R35 Old Footprint=Connector x3 New Footprint=Connector x3
Change Physical Footprint: Designator=R36 Old Footprint=0805 New Footprint=0805
Change Physical Footprint: Designator=R37 Old Footprint=Connector x3 New Footprint=Connector x3
Change Physical Footprint: Designator=R38 Old Footprint=Connector x3 New Footprint=Connector x3
Change Physical Footprint: Designator=R39 Old Footprint=0805 New Footprint=0805
Change Physical Footprint: Designator=R40 Old Footprint=0805 New Footprint=0805
Change Physical Footprint: Designator=R41 Old Footprint=0805 New Footprint=0805
Change Physical Footprint: Designator=R42 Old Footprint=0805 New Footprint=0805
Change Physical Footprint: Designator=R43 Old Footprint=0805 New Footprint=0805
Change Physical Footprint: Designator=R44 Old Footprint=0805 New Footprint=0805
Change Physical Footprint: Designator=R45 Old Footprint=0805 New Footprint=0805
Change Physical Footprint: Designator=R46 Old Footprint=0805 New Footprint=0805
Change Physical Footprint: Designator=R47 Old Footprint=0805 New Footprint=0805
Change Physical Footprint: Designator=R48 Old Footprint=0805 New Footprint=0805
Change Physical Footprint: Designator=R49 Old Footprint=Connector x3 New Footprint=Connector x3
Change Physical Footprint: Designator=R50 Old Footprint=0805 New Footprint=0805
Change Physical Footprint: Designator=R51 Old Footprint=0805 New Footprint=0805
Change Physical Footprint: Designator=R52 Old Footprint=0805 New Footprint=0805
Change Physical Footprint: Designator=R53 Old Footprint=0805 New Footprint=0805
Change Physical Footprint: Designator=R54 Old Footprint=Connector x3 New Footprint=Connector x3
Change Physical Footprint: Designator=R55 Old Footprint=0805 New Footprint=0805
Change Physical Footprint: Designator=R56 Old Footprint=0805 New Footprint=0805
Change Physical Footprint: Designator=R57 Old Footprint=0805 New Footprint=0805
Change Physical Footprint: Designator=R58 Old Footprint=0805 New Footprint=0805
Change Physical Footprint: Designator=R59 Old Footprint=Connector x3 New Footprint=Connector x3
Change Physical Footprint: Designator=R60 Old Footprint=0805 New Footprint=0805
Change Physical Footprint: Designator=R61 Old Footprint=0805 New Footprint=0805
Change Physical Footprint: Designator=R62 Old Footprint=0805 New Footprint=0805
Change Physical Footprint: Designator=R63 Old Footprint=0805 New Footprint=0805
Change Physical Footprint: Designator=R64 Old Footprint=0805 New Footprint=0805
Change Physical Footprint: Designator=R65 Old Footprint=0805 New Footprint=0805
Change Physical Footprint: Designator=R66 Old Footprint=0805 New Footprint=0805
Change Physical Footprint: Designator=R67 Old Footprint=0805 New Footprint=0805
Change Physical Footprint: Designator=S1 Old Footprint=Connector x3 New Footprint=Connector x3
Change Physical Footprint: Designator=S2 Old Footprint=Connector x3 New Footprint=Connector x3
Change Physical Footprint: Designator=S3 Old Footprint=Connector x3 New Footprint=Connector x3
Change Physical Footprint: Designator=U1 Old Footprint=DIP14 IC Socket New Footprint=DIP14 IC Socket
Change Physical Footprint: Designator=U2 Old Footprint=DIP14 IC Socket New Footprint=DIP14 IC Socket
Change Physical Footprint: Designator=U3 Old Footprint=DIP14 IC Socket New Footprint=DIP14 IC Socket
Change Physical Footprint: Designator=U4 Old Footprint=DIP14 IC Socket New Footprint=DIP14 IC Socket
Change Physical Footprint: Designator=U5 Old Footprint=TO220 Spannungsregler 78xx New Footprint=TO220 Spannungsregler 78xx
Change Physical Footprint: Designator=U6 Old Footprint=TO220 Spannungsregler 79xx New Footprint=TO220 Spannungsregler 79xx
