Replace Part C18 0805 Kondensator in Z:\Korschunov\Praxisphase\Altium\Mikrofonvorverstärker\Parametrischer_EQ.SchDoc with 0805 Kondensator from Bauteile.SchLib
Replace Part C19 0805 Kondensator in Z:\Korschunov\Praxisphase\Altium\Mikrofonvorverstärker\Parametrischer_EQ.SchDoc with 0805 Kondensator from Bauteile.SchLib
Replace Part C20 0805 Kondensator in Z:\Korschunov\Praxisphase\Altium\Mikrofonvorverstärker\Parametrischer_EQ.SchDoc with 0805 Kondensator from Bauteile.SchLib
Replace Part C21 0805 Kondensator in Z:\Korschunov\Praxisphase\Altium\Mikrofonvorverstärker\Parametrischer_EQ.SchDoc with 0805 Kondensator from Bauteile.SchLib
Replace Part C? 0805 Kondensator in Z:\Korschunov\Praxisphase\Altium\Mikrofonvorverstärker\Parametrischer_EQ.SchDoc with 0805 Kondensator from Bauteile.SchLib
Replace Part C? 0805 Kondensator in Z:\Korschunov\Praxisphase\Altium\Mikrofonvorverstärker\Parametrischer_EQ.SchDoc with 0805 Kondensator from Bauteile.SchLib
Replace Part C? 0805 Kondensator in Z:\Korschunov\Praxisphase\Altium\Mikrofonvorverstärker\Parametrischer_EQ.SchDoc with 0805 Kondensator from Bauteile.SchLib
Replace Part C? 0805 Kondensator in Z:\Korschunov\Praxisphase\Altium\Mikrofonvorverstärker\Parametrischer_EQ.SchDoc with 0805 Kondensator from Bauteile.SchLib
Replace Part C? 0805 Kondensator in Z:\Korschunov\Praxisphase\Altium\Mikrofonvorverstärker\Parametrischer_EQ.SchDoc with 0805 Kondensator from Bauteile.SchLib
Replace Part C? 0805 Kondensator in Z:\Korschunov\Praxisphase\Altium\Mikrofonvorverstärker\Parametrischer_EQ.SchDoc with 0805 Kondensator from Bauteile.SchLib
Replace Part C? 0805 Kondensator in Z:\Korschunov\Praxisphase\Altium\Mikrofonvorverstärker\Parametrischer_EQ.SchDoc with 0805 Kondensator from Bauteile.SchLib
Replace Part D1 1N4001 Diode in Z:\Korschunov\Praxisphase\Altium\Mikrofonvorverstärker\Parametrischer_EQ.SchDoc with 1N4001 Diode from Bauteile.SchLib
Replace Part D2 1N4001 Diode in Z:\Korschunov\Praxisphase\Altium\Mikrofonvorverstärker\Parametrischer_EQ.SchDoc with 1N4001 Diode from Bauteile.SchLib
Replace Part D3 1N4001 Diode in Z:\Korschunov\Praxisphase\Altium\Mikrofonvorverstärker\Parametrischer_EQ.SchDoc with 1N4001 Diode from Bauteile.SchLib
Replace Part D4 1N4001 Diode in Z:\Korschunov\Praxisphase\Altium\Mikrofonvorverstärker\Parametrischer_EQ.SchDoc with 1N4001 Diode from Bauteile.SchLib
Replace Part J3 Connector x2 in Z:\Korschunov\Praxisphase\Altium\Mikrofonvorverstärker\Parametrischer_EQ.SchDoc with Connector x2 from Bauteile.SchLib
Replace Part J4 Connector x2 in Z:\Korschunov\Praxisphase\Altium\Mikrofonvorverstärker\Parametrischer_EQ.SchDoc with Connector x2 from Bauteile.SchLib
Replace Part J5 Connector x2 in Z:\Korschunov\Praxisphase\Altium\Mikrofonvorverstärker\Parametrischer_EQ.SchDoc with Connector x2 from Bauteile.SchLib
Replace Part R27 Potentiometer Buchsenleiste in Z:\Korschunov\Praxisphase\Altium\Mikrofonvorverstärker\Parametrischer_EQ.SchDoc with Potentiometer Buchsenleiste from Bauteile.SchLib
Replace Part R28 0805 Widerstand in Z:\Korschunov\Praxisphase\Altium\Mikrofonvorverstärker\Parametrischer_EQ.SchDoc with 0805 Widerstand from Bauteile.SchLib
Replace Part R29 0805 Widerstand in Z:\Korschunov\Praxisphase\Altium\Mikrofonvorverstärker\Parametrischer_EQ.SchDoc with 0805 Widerstand from Bauteile.SchLib
Replace Part R30 0805 Widerstand in Z:\Korschunov\Praxisphase\Altium\Mikrofonvorverstärker\Parametrischer_EQ.SchDoc with 0805 Widerstand from Bauteile.SchLib
Replace Part R31 0805 Widerstand in Z:\Korschunov\Praxisphase\Altium\Mikrofonvorverstärker\Parametrischer_EQ.SchDoc with 0805 Widerstand from Bauteile.SchLib
Replace Part R32 Potentiometer Buchsenleiste in Z:\Korschunov\Praxisphase\Altium\Mikrofonvorverstärker\Parametrischer_EQ.SchDoc with Potentiometer Buchsenleiste from Bauteile.SchLib
Replace Part R33 Potentiometer Buchsenleiste in Z:\Korschunov\Praxisphase\Altium\Mikrofonvorverstärker\Parametrischer_EQ.SchDoc with Potentiometer Buchsenleiste from Bauteile.SchLib
Replace Part R34 0805 Widerstand in Z:\Korschunov\Praxisphase\Altium\Mikrofonvorverstärker\Parametrischer_EQ.SchDoc with 0805 Widerstand from Bauteile.SchLib
Replace Part R35 Potentiometer Buchsenleiste in Z:\Korschunov\Praxisphase\Altium\Mikrofonvorverstärker\Parametrischer_EQ.SchDoc with Potentiometer Buchsenleiste from Bauteile.SchLib
Replace Part R36 0805 Widerstand in Z:\Korschunov\Praxisphase\Altium\Mikrofonvorverstärker\Parametrischer_EQ.SchDoc with 0805 Widerstand from Bauteile.SchLib
Replace Part R37 Potentiometer Buchsenleiste in Z:\Korschunov\Praxisphase\Altium\Mikrofonvorverstärker\Parametrischer_EQ.SchDoc with Potentiometer Buchsenleiste from Bauteile.SchLib
Replace Part R38 Potentiometer Buchsenleiste in Z:\Korschunov\Praxisphase\Altium\Mikrofonvorverstärker\Parametrischer_EQ.SchDoc with Potentiometer Buchsenleiste from Bauteile.SchLib
Replace Part R39 0805 Widerstand in Z:\Korschunov\Praxisphase\Altium\Mikrofonvorverstärker\Parametrischer_EQ.SchDoc with 0805 Widerstand from Bauteile.SchLib
Replace Part R40 0805 Widerstand in Z:\Korschunov\Praxisphase\Altium\Mikrofonvorverstärker\Parametrischer_EQ.SchDoc with 0805 Widerstand from Bauteile.SchLib
Replace Part R? 0805 Widerstand in Z:\Korschunov\Praxisphase\Altium\Mikrofonvorverstärker\Parametrischer_EQ.SchDoc with 0805 Widerstand from Bauteile.SchLib
Replace Part R? 0805 Widerstand in Z:\Korschunov\Praxisphase\Altium\Mikrofonvorverstärker\Parametrischer_EQ.SchDoc with 0805 Widerstand from Bauteile.SchLib
Replace Part U2 SOIC OPA4134UA in Z:\Korschunov\Praxisphase\Altium\Mikrofonvorverstärker\Parametrischer_EQ.SchDoc with SOIC OPA4134UA from Bauteile.SchLib
Replace Part U2 SOIC OPA4134UA in Z:\Korschunov\Praxisphase\Altium\Mikrofonvorverstärker\Parametrischer_EQ.SchDoc with SOIC OPA4134UA from Bauteile.SchLib
Replace Part U2 SOIC OPA4134UA in Z:\Korschunov\Praxisphase\Altium\Mikrofonvorverstärker\Parametrischer_EQ.SchDoc with SOIC OPA4134UA from Bauteile.SchLib
Replace Part U2 SOIC OPA4134UA in Z:\Korschunov\Praxisphase\Altium\Mikrofonvorverstärker\Parametrischer_EQ.SchDoc with SOIC OPA4134UA from Bauteile.SchLib
Replace Part U5 TO 220 Spannungsregler 78xx in Z:\Korschunov\Praxisphase\Altium\Mikrofonvorverstärker\Parametrischer_EQ.SchDoc with TO 220 Spannungsregler 78xx from Bauteile.SchLib
Replace Part U6 TO 220 Spannungsregler 79xx in Z:\Korschunov\Praxisphase\Altium\Mikrofonvorverstärker\Parametrischer_EQ.SchDoc with TO 220 Spannungsregler 79xx from Bauteile.SchLib
